<?xml version="1.0" encoding="UTF-8"?>
<coverage generated="1572459539863" clover="3.2.0">
  <project timestamp="1572459539864" name="All files">
    <metrics statements="238" coveredstatements="193" conditionals="80" coveredconditionals="45" methods="40" coveredmethods="31" elements="358" coveredelements="269" complexity="0" loc="238" ncloc="238" packages="4" files="17" classes="17"/>
    <package name="app">
      <metrics statements="165" coveredstatements="144" conditionals="51" coveredconditionals="35" methods="25" coveredmethods="22"/>
      <file name="check-existing.js" path="/Users/kristen/Documents/workspace/rallio-chute/app/check-existing.js">
        <metrics statements="5" coveredstatements="5" conditionals="0" coveredconditionals="0" methods="1" coveredmethods="1"/>
        <line num="1" count="3" type="stmt"/>
        <line num="3" count="683" type="stmt"/>
        <line num="4" count="683" type="stmt"/>
        <line num="10" count="683" type="stmt"/>
        <line num="13" count="3" type="stmt"/>
      </file>
      <file name="get-false-request.js" path="/Users/kristen/Documents/workspace/rallio-chute/app/get-false-request.js">
        <metrics statements="16" coveredstatements="16" conditionals="2" coveredconditionals="2" methods="3" coveredmethods="3"/>
        <line num="1" count="4" type="stmt"/>
        <line num="3" count="6" type="stmt"/>
        <line num="4" count="6" type="stmt"/>
        <line num="5" count="6" type="cond" truecount="2" falsecount="0"/>
        <line num="6" count="3" type="stmt"/>
        <line num="15" count="3" type="stmt"/>
        <line num="17" count="3" type="stmt"/>
        <line num="26" count="3" type="stmt"/>
        <line num="34" count="1" type="stmt"/>
        <line num="35" count="1" type="stmt"/>
        <line num="37" count="1" type="stmt"/>
        <line num="45" count="1" type="stmt"/>
        <line num="49" count="1" type="stmt"/>
        <line num="51" count="1" type="stmt"/>
        <line num="58" count="1" type="stmt"/>
        <line num="61" count="4" type="stmt"/>
      </file>
      <file name="handle-messages.js" path="/Users/kristen/Documents/workspace/rallio-chute/app/handle-messages.js">
        <metrics statements="23" coveredstatements="21" conditionals="5" coveredconditionals="3" methods="6" coveredmethods="5"/>
        <line num="1" count="2" type="stmt"/>
        <line num="2" count="2" type="stmt"/>
        <line num="3" count="2" type="cond" truecount="2" falsecount="0"/>
        <line num="4" count="681" type="stmt"/>
        <line num="5" count="681" type="stmt"/>
        <line num="6" count="681" type="cond" truecount="0" falsecount="1"/>
        <line num="7" count="681" type="stmt"/>
        <line num="8" count="681" type="stmt"/>
        <line num="9" count="681" type="stmt"/>
        <line num="10" count="681" type="stmt"/>
        <line num="11" count="2043" type="stmt"/>
        <line num="12" count="2043" type="stmt"/>
        <line num="27" count="2043" type="stmt"/>
        <line num="30" count="681" type="stmt"/>
        <line num="45" count="681" type="stmt"/>
        <line num="46" count="681" type="stmt"/>
        <line num="47" count="679" type="stmt"/>
        <line num="51" count="681" type="stmt"/>
        <line num="52" count="0" type="stmt"/>
        <line num="58" count="681" type="cond" truecount="1" falsecount="1"/>
        <line num="59" count="0" type="stmt"/>
        <line num="61" count="681" type="stmt"/>
        <line num="65" count="2" type="stmt"/>
      </file>
      <file name="index.js" path="/Users/kristen/Documents/workspace/rallio-chute/app/index.js">
        <metrics statements="10" coveredstatements="8" conditionals="1" coveredconditionals="1" methods="1" coveredmethods="1"/>
        <line num="2" count="1" type="stmt"/>
        <line num="4" count="1" type="stmt"/>
        <line num="5" count="1" type="stmt"/>
        <line num="6" count="1" type="cond" truecount="1" falsecount="0"/>
        <line num="7" count="2" type="stmt"/>
        <line num="8" count="2" type="stmt"/>
        <line num="9" count="681" type="stmt"/>
        <line num="12" count="0" type="stmt"/>
        <line num="14" count="0" type="stmt"/>
        <line num="21" count="1" type="stmt"/>
      </file>
      <file name="long-poller.js" path="/Users/kristen/Documents/workspace/rallio-chute/app/long-poller.js">
        <metrics statements="19" coveredstatements="16" conditionals="15" coveredconditionals="10" methods="3" coveredmethods="3"/>
        <line num="1" count="2" type="stmt"/>
        <line num="3" count="2" type="stmt"/>
        <line num="13" count="2" type="stmt"/>
        <line num="15" count="2" type="cond" truecount="1" falsecount="0"/>
        <line num="21" count="683" type="stmt"/>
        <line num="30" count="683" type="cond" truecount="1" falsecount="1"/>
        <line num="31" count="0" type="stmt"/>
        <line num="33" count="683" type="cond" truecount="1" falsecount="1"/>
        <line num="34" count="0" type="stmt"/>
        <line num="36" count="683" type="cond" truecount="1" falsecount="1"/>
        <line num="37" count="683" type="stmt"/>
        <line num="40" count="683" type="stmt"/>
        <line num="42" count="683" type="stmt"/>
        <line num="43" count="683" type="stmt"/>
        <line num="44" count="683" type="stmt"/>
        <line num="45" count="681" type="cond" truecount="1" falsecount="1"/>
        <line num="46" count="0" type="stmt"/>
        <line num="49" count="681" type="stmt"/>
        <line num="53" count="2" type="stmt"/>
      </file>
      <file name="mapping.js" path="/Users/kristen/Documents/workspace/rallio-chute/app/mapping.js">
        <metrics statements="11" coveredstatements="9" conditionals="0" coveredconditionals="0" methods="2" coveredmethods="1"/>
        <line num="1" count="4" type="stmt"/>
        <line num="4" count="2048" type="stmt"/>
        <line num="5" count="2048" type="stmt"/>
        <line num="6" count="2048" type="stmt"/>
        <line num="7" count="2048" type="stmt"/>
        <line num="8" count="2048" type="stmt"/>
        <line num="9" count="2048" type="stmt"/>
        <line num="15" count="0" type="stmt"/>
        <line num="16" count="0" type="stmt"/>
        <line num="20" count="2041" type="stmt"/>
        <line num="23" count="4" type="stmt"/>
      </file>
      <file name="poll-messages.js" path="/Users/kristen/Documents/workspace/rallio-chute/app/poll-messages.js">
        <metrics statements="26" coveredstatements="21" conditionals="11" coveredconditionals="8" methods="4" coveredmethods="4"/>
        <line num="1" count="2" type="stmt"/>
        <line num="2" count="2" type="stmt"/>
        <line num="3" count="2" type="stmt"/>
        <line num="4" count="2" type="cond" truecount="1" falsecount="0"/>
        <line num="8" count="684" type="cond" truecount="0" falsecount="1"/>
        <line num="12" count="682" type="stmt"/>
        <line num="14" count="682" type="cond" truecount="1" falsecount="1"/>
        <line num="15" count="0" type="stmt"/>
        <line num="19" count="682" type="stmt"/>
        <line num="20" count="682" type="stmt"/>
        <line num="24" count="682" type="stmt"/>
        <line num="26" count="682" type="stmt"/>
        <line num="34" count="0" type="stmt"/>
        <line num="35" count="0" type="stmt"/>
        <line num="37" count="682" type="cond" truecount="1" falsecount="1"/>
        <line num="38" count="0" type="stmt"/>
        <line num="39" count="0" type="stmt"/>
        <line num="42" count="682" type="stmt"/>
        <line num="44" count="682" type="cond" truecount="2" falsecount="0"/>
        <line num="45" count="681" type="stmt"/>
        <line num="48" count="1" type="stmt"/>
        <line num="49" count="1" type="stmt"/>
        <line num="54" count="1" type="stmt"/>
        <line num="57" count="1" type="stmt"/>
        <line num="58" count="1" type="stmt"/>
        <line num="63" count="2" type="stmt"/>
      </file>
      <file name="save-request.js" path="/Users/kristen/Documents/workspace/rallio-chute/app/save-request.js">
        <metrics statements="10" coveredstatements="9" conditionals="0" coveredconditionals="0" methods="2" coveredmethods="1"/>
        <line num="1" count="4" type="stmt"/>
        <line num="4" count="3" type="stmt"/>
        <line num="5" count="3" type="stmt"/>
        <line num="6" count="3" type="stmt"/>
        <line num="7" count="3" type="stmt"/>
        <line num="18" count="3" type="stmt"/>
        <line num="19" count="0" type="stmt"/>
        <line num="21" count="3" type="stmt"/>
        <line num="22" count="3" type="stmt"/>
        <line num="25" count="4" type="stmt"/>
      </file>
      <file name="save-success.js" path="/Users/kristen/Documents/workspace/rallio-chute/app/save-success.js">
        <metrics statements="7" coveredstatements="7" conditionals="2" coveredconditionals="2" methods="2" coveredmethods="2"/>
        <line num="1" count="4" type="stmt"/>
        <line num="4" count="3" type="stmt"/>
        <line num="5" count="3" type="stmt"/>
        <line num="6" count="3" type="stmt"/>
        <line num="10" count="3" type="cond" truecount="2" falsecount="0"/>
        <line num="12" count="3" type="stmt"/>
        <line num="15" count="4" type="stmt"/>
      </file>
      <file name="send-to-chute.js" path="/Users/kristen/Documents/workspace/rallio-chute/app/send-to-chute.js">
        <metrics statements="38" coveredstatements="32" conditionals="15" coveredconditionals="9" methods="1" coveredmethods="1"/>
        <line num="1" count="3" type="stmt"/>
        <line num="2" count="3" type="stmt"/>
        <line num="3" count="3" type="stmt"/>
        <line num="4" count="3" type="stmt"/>
        <line num="7" count="3" type="stmt"/>
        <line num="10" count="2728" type="stmt"/>
        <line num="11" count="2728" type="stmt"/>
        <line num="12" count="2041" type="stmt"/>
        <line num="13" count="2041" type="stmt"/>
        <line num="14" count="2041" type="stmt"/>
        <line num="15" count="2041" type="cond" truecount="2" falsecount="0"/>
        <line num="17" count="2037" type="stmt"/>
        <line num="18" count="2037" type="stmt"/>
        <line num="21" count="4" type="stmt"/>
        <line num="33" count="4" type="stmt"/>
        <line num="34" count="4" type="cond" truecount="2" falsecount="0"/>
        <line num="35" count="2" type="stmt"/>
        <line num="36" count="2" type="stmt"/>
        <line num="37" count="2" type="stmt"/>
        <line num="50" count="2" type="stmt"/>
        <line num="51" count="2" type="stmt"/>
        <line num="52" count="2" type="cond" truecount="1" falsecount="1"/>
        <line num="54" count="0" type="stmt"/>
        <line num="59" count="2" type="stmt"/>
        <line num="61" count="2" type="cond" truecount="1" falsecount="1"/>
        <line num="62" count="0" type="stmt"/>
        <line num="64" count="2" type="stmt"/>
        <line num="65" count="2" type="stmt"/>
        <line num="68" count="2" type="stmt"/>
        <line num="70" count="2" type="cond" truecount="1" falsecount="1"/>
        <line num="71" count="2" type="stmt"/>
        <line num="73" count="2" type="cond" truecount="1" falsecount="1"/>
        <line num="75" count="2" type="stmt"/>
        <line num="81" count="0" type="stmt"/>
        <line num="83" count="0" type="cond" truecount="0" falsecount="2"/>
        <line num="84" count="0" type="stmt"/>
        <line num="87" count="0" type="stmt"/>
        <line num="92" count="3" type="stmt"/>
      </file>
    </package>
    <package name="config">
      <metrics statements="3" coveredstatements="3" conditionals="0" coveredconditionals="0" methods="0" coveredmethods="0"/>
      <file name="db.js" path="/Users/kristen/Documents/workspace/rallio-chute/config/db.js">
        <metrics statements="3" coveredstatements="3" conditionals="0" coveredconditionals="0" methods="0" coveredmethods="0"/>
        <line num="1" count="8" type="stmt"/>
        <line num="2" count="8" type="stmt"/>
        <line num="4" count="8" type="stmt"/>
      </file>
    </package>
    <package name="models">
      <metrics statements="33" coveredstatements="32" conditionals="9" coveredconditionals="6" methods="9" coveredmethods="9"/>
      <file name="index.js" path="/Users/kristen/Documents/workspace/rallio-chute/models/index.js">
        <metrics statements="21" coveredstatements="20" conditionals="9" coveredconditionals="6" methods="3" coveredmethods="3"/>
        <line num="3" count="8" type="stmt"/>
        <line num="4" count="8" type="stmt"/>
        <line num="5" count="8" type="stmt"/>
        <line num="6" count="8" type="stmt"/>
        <line num="7" count="8" type="cond" truecount="1" falsecount="1"/>
        <line num="8" count="8" type="stmt"/>
        <line num="9" count="8" type="stmt"/>
        <line num="10" count="8" type="stmt"/>
        <line num="13" count="8" type="cond" truecount="1" falsecount="1"/>
        <line num="14" count="0" type="stmt"/>
        <line num="16" count="8" type="stmt"/>
        <line num="21" count="8" type="stmt"/>
        <line num="24" count="32" type="cond" truecount="3" falsecount="0"/>
        <line num="27" count="24" type="stmt"/>
        <line num="28" count="24" type="stmt"/>
        <line num="31" count="8" type="stmt"/>
        <line num="32" count="24" type="cond" truecount="1" falsecount="1"/>
        <line num="33" count="24" type="stmt"/>
        <line num="37" count="8" type="stmt"/>
        <line num="38" count="8" type="stmt"/>
        <line num="40" count="8" type="stmt"/>
      </file>
      <file name="locationmap.js" path="/Users/kristen/Documents/workspace/rallio-chute/models/locationmap.js">
        <metrics statements="4" coveredstatements="4" conditionals="0" coveredconditionals="0" methods="2" coveredmethods="2"/>
        <line num="2" count="8" type="stmt"/>
        <line num="3" count="8" type="stmt"/>
        <line num="7" count="8" type="stmt"/>
        <line num="10" count="8" type="stmt"/>
      </file>
      <file name="request.js" path="/Users/kristen/Documents/workspace/rallio-chute/models/request.js">
        <metrics statements="4" coveredstatements="4" conditionals="0" coveredconditionals="0" methods="2" coveredmethods="2"/>
        <line num="2" count="8" type="stmt"/>
        <line num="3" count="8" type="stmt"/>
        <line num="15" count="8" type="stmt"/>
        <line num="18" count="8" type="stmt"/>
      </file>
      <file name="tagmap.js" path="/Users/kristen/Documents/workspace/rallio-chute/models/tagmap.js">
        <metrics statements="4" coveredstatements="4" conditionals="0" coveredconditionals="0" methods="2" coveredmethods="2"/>
        <line num="2" count="8" type="stmt"/>
        <line num="3" count="8" type="stmt"/>
        <line num="7" count="8" type="stmt"/>
        <line num="10" count="8" type="stmt"/>
      </file>
    </package>
    <package name="util">
      <metrics statements="37" coveredstatements="14" conditionals="20" coveredconditionals="4" methods="6" coveredmethods="0"/>
      <file name="remove-from-sqs.js" path="/Users/kristen/Documents/workspace/rallio-chute/util/remove-from-sqs.js">
        <metrics statements="22" coveredstatements="10" conditionals="14" coveredconditionals="4" methods="3" coveredmethods="0"/>
        <line num="1" count="2" type="stmt"/>
        <line num="2" count="2" type="stmt"/>
        <line num="10" count="2" type="stmt"/>
        <line num="12" count="2" type="cond" truecount="1" falsecount="1"/>
        <line num="13" count="0" type="stmt"/>
        <line num="17" count="2" type="cond" truecount="1" falsecount="1"/>
        <line num="18" count="0" type="stmt"/>
        <line num="22" count="2" type="cond" truecount="1" falsecount="1"/>
        <line num="23" count="2" type="stmt"/>
        <line num="28" count="2" type="stmt"/>
        <line num="30" count="2" type="cond" truecount="0" falsecount="1"/>
        <line num="34" count="0" type="stmt"/>
        <line num="35" count="0" type="cond" truecount="0" falsecount="2"/>
        <line num="36" count="0" type="stmt"/>
        <line num="39" count="0" type="stmt"/>
        <line num="40" count="0" type="cond" truecount="0" falsecount="2"/>
        <line num="41" count="0" type="stmt"/>
        <line num="43" count="0" type="stmt"/>
        <line num="46" count="0" type="stmt"/>
        <line num="47" count="0" type="stmt"/>
        <line num="49" count="0" type="stmt"/>
        <line num="54" count="2" type="stmt"/>
      </file>
      <file name="send-message.js" path="/Users/kristen/Documents/workspace/rallio-chute/util/send-message.js">
        <metrics statements="15" coveredstatements="4" conditionals="6" coveredconditionals="0" methods="3" coveredmethods="0"/>
        <line num="1" count="3" type="stmt"/>
        <line num="2" count="3" type="stmt"/>
        <line num="6" count="3" type="stmt"/>
        <line num="9" count="0" type="stmt"/>
        <line num="10" count="0" type="stmt"/>
        <line num="12" count="0" type="stmt"/>
        <line num="24" count="0" type="stmt"/>
        <line num="25" count="0" type="cond" truecount="0" falsecount="2"/>
        <line num="27" count="0" type="cond" truecount="0" falsecount="2"/>
        <line num="29" count="0" type="stmt"/>
        <line num="30" count="0" type="stmt"/>
        <line num="33" count="0" type="stmt"/>
        <line num="34" count="0" type="stmt"/>
        <line num="36" count="0" type="stmt"/>
        <line num="41" count="3" type="stmt"/>
      </file>
    </package>
  </project>
</coverage>
