{"/Users/kristen/Documents/workspace/rallio-chute/app/check-existing.js": {"path":"/Users/kristen/Documents/workspace/rallio-chute/app/check-existing.js","statementMap":{"0":{"start":{"line":1,"column":15},"end":{"line":1,"column":41}},"1":{"start":{"line":3,"column":18},"end":{"line":3,"column":32}},"2":{"start":{"line":4,"column":19},"end":{"line":9,"column":6}},"3":{"start":{"line":10,"column":4},"end":{"line":10,"column":17}},"4":{"start":{"line":13,"column":2},"end":{"line":13,"column":31}}},"fnMap":{"0":{"name":"checkDB","decl":{"start":{"line":2,"column":15},"end":{"line":2,"column":22}},"loc":{"start":{"line":2,"column":30},"end":{"line":11,"column":3}},"line":2}},"branchMap":{},"s":{"0":3,"1":683,"2":683,"3":683,"4":3},"f":{"0":683},"b":{},"_coverageSchema":"43e27e138ebf9cfc5966b082cf9a028302ed4184","hash":"b83e07a5627c9d592f583040140327c6992d9d82"}
,"/Users/kristen/Documents/workspace/rallio-chute/app/get-false-request.js": {"path":"/Users/kristen/Documents/workspace/rallio-chute/app/get-false-request.js","statementMap":{"0":{"start":{"line":1,"column":15},"end":{"line":1,"column":41}},"1":{"start":{"line":3,"column":4},"end":{"line":3,"column":48}},"2":{"start":{"line":4,"column":18},"end":{"line":4,"column":32}},"3":{"start":{"line":5,"column":4},"end":{"line":27,"column":5}},"4":{"start":{"line":6,"column":21},"end":{"line":13,"column":8}},"5":{"start":{"line":15,"column":6},"end":{"line":15,"column":19}},"6":{"start":{"line":17,"column":21},"end":{"line":24,"column":8}},"7":{"start":{"line":26,"column":6},"end":{"line":26,"column":19}},"8":{"start":{"line":34,"column":4},"end":{"line":34,"column":40}},"9":{"start":{"line":35,"column":18},"end":{"line":35,"column":32}},"10":{"start":{"line":37,"column":21},"end":{"line":43,"column":8}},"11":{"start":{"line":45,"column":6},"end":{"line":45,"column":19}},"12":{"start":{"line":49,"column":18},"end":{"line":49,"column":32}},"13":{"start":{"line":51,"column":19},"end":{"line":56,"column":6}},"14":{"start":{"line":58,"column":4},"end":{"line":58,"column":17}},"15":{"start":{"line":61,"column":2},"end":{"line":61,"column":49}}},"fnMap":{"0":{"name":"getFalse","decl":{"start":{"line":2,"column":15},"end":{"line":2,"column":23}},"loc":{"start":{"line":2,"column":60},"end":{"line":31,"column":3}},"line":2},"1":{"name":"getTrue","decl":{"start":{"line":33,"column":17},"end":{"line":33,"column":24}},"loc":{"start":{"line":33,"column":28},"end":{"line":46,"column":3}},"line":33},"2":{"name":"getAll","decl":{"start":{"line":48,"column":17},"end":{"line":48,"column":23}},"loc":{"start":{"line":48,"column":27},"end":{"line":59,"column":3}},"line":48}},"branchMap":{"0":{"loc":{"start":{"line":5,"column":4},"end":{"line":27,"column":5}},"type":"if","locations":[{"start":{"line":5,"column":4},"end":{"line":27,"column":5}},{"start":{"line":5,"column":4},"end":{"line":27,"column":5}}],"line":5}},"s":{"0":4,"1":6,"2":6,"3":6,"4":3,"5":3,"6":3,"7":3,"8":1,"9":1,"10":1,"11":1,"12":1,"13":1,"14":1,"15":4},"f":{"0":6,"1":1,"2":1},"b":{"0":[3,3]},"_coverageSchema":"43e27e138ebf9cfc5966b082cf9a028302ed4184","hash":"dcb9fbc8fddf6295e0acfa560cc21be4df6e6ba2"}
,"/Users/kristen/Documents/workspace/rallio-chute/app/handle-messages.js": {"path":"/Users/kristen/Documents/workspace/rallio-chute/app/handle-messages.js","statementMap":{"0":{"start":{"line":1,"column":24},"end":{"line":1,"column":50}},"1":{"start":{"line":2,"column":18},"end":{"line":2,"column":45}},"2":{"start":{"line":3,"column":23},"end":{"line":55,"column":3}},"3":{"start":{"line":4,"column":4},"end":{"line":54,"column":7}},"4":{"start":{"line":5,"column":6},"end":{"line":5,"column":14}},"5":{"start":{"line":6,"column":34},"end":{"line":6,"column":41}},"6":{"start":{"line":7,"column":30},"end":{"line":7,"column":57}},"7":{"start":{"line":8,"column":20},"end":{"line":8,"column":53}},"8":{"start":{"line":9,"column":6},"end":{"line":9,"column":14}},"9":{"start":{"line":10,"column":28},"end":{"line":28,"column":9}},"10":{"start":{"line":11,"column":8},"end":{"line":11,"column":16}},"11":{"start":{"line":12,"column":30},"end":{"line":25,"column":9}},"12":{"start":{"line":27,"column":8},"end":{"line":27,"column":45}},"13":{"start":{"line":30,"column":29},"end":{"line":43,"column":7}},"14":{"start":{"line":45,"column":32},"end":{"line":45,"column":52}},"15":{"start":{"line":46,"column":23},"end":{"line":49,"column":7}},"16":{"start":{"line":47,"column":33},"end":{"line":47,"column":37}},"17":{"start":{"line":51,"column":6},"end":{"line":53,"column":9}},"18":{"start":{"line":52,"column":8},"end":{"line":52,"column":22}},"19":{"start":{"line":58,"column":4},"end":{"line":62,"column":5}},"20":{"start":{"line":59,"column":6},"end":{"line":59,"column":17}},"21":{"start":{"line":61,"column":6},"end":{"line":61,"column":18}},"22":{"start":{"line":65,"column":2},"end":{"line":65,"column":37}}},"fnMap":{"0":{"name":"(anonymous_0)","decl":{"start":{"line":3,"column":23},"end":{"line":3,"column":24}},"loc":{"start":{"line":3,"column":73},"end":{"line":55,"column":3}},"line":3},"1":{"name":"(anonymous_1)","decl":{"start":{"line":4,"column":24},"end":{"line":4,"column":25}},"loc":{"start":{"line":4,"column":43},"end":{"line":54,"column":5}},"line":4},"2":{"name":"(anonymous_2)","decl":{"start":{"line":10,"column":66},"end":{"line":10,"column":67}},"loc":{"start":{"line":10,"column":73},"end":{"line":28,"column":7}},"line":10},"3":{"name":"(anonymous_3)","decl":{"start":{"line":47,"column":27},"end":{"line":47,"column":28}},"loc":{"start":{"line":47,"column":33},"end":{"line":47,"column":37}},"line":47},"4":{"name":"(anonymous_4)","decl":{"start":{"line":51,"column":40},"end":{"line":51,"column":41}},"loc":{"start":{"line":51,"column":46},"end":{"line":53,"column":7}},"line":51},"5":{"name":"checkRetry","decl":{"start":{"line":57,"column":17},"end":{"line":57,"column":27}},"loc":{"start":{"line":57,"column":44},"end":{"line":63,"column":3}},"line":57}},"branchMap":{"0":{"loc":{"start":{"line":3,"column":35},"end":{"line":3,"column":47}},"type":"default-arg","locations":[{"start":{"line":3,"column":40},"end":{"line":3,"column":47}}],"line":3},"1":{"loc":{"start":{"line":3,"column":49},"end":{"line":3,"column":67}},"type":"default-arg","locations":[{"start":{"line":3,"column":56},"end":{"line":3,"column":67}}],"line":3},"2":{"loc":{"start":{"line":6,"column":14},"end":{"line":6,"column":29}},"type":"default-arg","locations":[{"start":{"line":6,"column":27},"end":{"line":6,"column":29}}],"line":6},"3":{"loc":{"start":{"line":58,"column":4},"end":{"line":62,"column":5}},"type":"if","locations":[{"start":{"line":58,"column":4},"end":{"line":62,"column":5}},{"start":{"line":58,"column":4},"end":{"line":62,"column":5}}],"line":58}},"s":{"0":2,"1":2,"2":2,"3":681,"4":681,"5":681,"6":681,"7":681,"8":681,"9":681,"10":2043,"11":2043,"12":2043,"13":681,"14":681,"15":681,"16":679,"17":681,"18":0,"19":681,"20":0,"21":681,"22":2},"f":{"0":681,"1":681,"2":2043,"3":679,"4":0,"5":681},"b":{"0":[681],"1":[681],"2":[0],"3":[0,681]},"_coverageSchema":"43e27e138ebf9cfc5966b082cf9a028302ed4184","hash":"4074ed52d954e605db293217a7a60e7a304db786"}
,"/Users/kristen/Documents/workspace/rallio-chute/app/index.js": {"path":"/Users/kristen/Documents/workspace/rallio-chute/app/index.js","statementMap":{"0":{"start":{"line":2,"column":25},"end":{"line":2,"column":51}},"1":{"start":{"line":4,"column":16},"end":{"line":4,"column":17}},"2":{"start":{"line":5,"column":29},"end":{"line":5,"column":30}},"3":{"start":{"line":6,"column":14},"end":{"line":15,"column":1}},"4":{"start":{"line":7,"column":2},"end":{"line":7,"column":10}},"5":{"start":{"line":8,"column":2},"end":{"line":10,"column":3}},"6":{"start":{"line":9,"column":4},"end":{"line":9,"column":54}},"7":{"start":{"line":12,"column":2},"end":{"line":12,"column":73}},"8":{"start":{"line":14,"column":2},"end":{"line":14,"column":44}},"9":{"start":{"line":21,"column":0},"end":{"line":21,"column":27}}},"fnMap":{"0":{"name":"(anonymous_0)","decl":{"start":{"line":6,"column":14},"end":{"line":6,"column":15}},"loc":{"start":{"line":6,"column":45},"end":{"line":15,"column":1}},"line":6}},"branchMap":{"0":{"loc":{"start":{"line":6,"column":21},"end":{"line":6,"column":40}},"type":"default-arg","locations":[{"start":{"line":6,"column":28},"end":{"line":6,"column":40}}],"line":6}},"s":{"0":1,"1":1,"2":1,"3":1,"4":2,"5":2,"6":681,"7":0,"8":0,"9":1},"f":{"0":2},"b":{"0":[2]},"_coverageSchema":"43e27e138ebf9cfc5966b082cf9a028302ed4184","hash":"ef77c53f505da1fc7c9ca5d8512a2de7b02467d4"}
,"/Users/kristen/Documents/workspace/rallio-chute/app/long-poller.js": {"path":"/Users/kristen/Documents/workspace/rallio-chute/app/long-poller.js","statementMap":{"0":{"start":{"line":1,"column":0},"end":{"line":1,"column":27}},"1":{"start":{"line":3,"column":13},"end":{"line":3,"column":31}},"2":{"start":{"line":13,"column":4},"end":{"line":13,"column":15}},"3":{"start":{"line":15,"column":19},"end":{"line":52,"column":1}},"4":{"start":{"line":21,"column":17},"end":{"line":28,"column":3}},"5":{"start":{"line":30,"column":2},"end":{"line":32,"column":3}},"6":{"start":{"line":31,"column":4},"end":{"line":31,"column":62}},"7":{"start":{"line":33,"column":2},"end":{"line":35,"column":3}},"8":{"start":{"line":34,"column":4},"end":{"line":34,"column":70}},"9":{"start":{"line":36,"column":2},"end":{"line":38,"column":3}},"10":{"start":{"line":37,"column":4},"end":{"line":37,"column":46}},"11":{"start":{"line":40,"column":14},"end":{"line":40,"column":58}},"12":{"start":{"line":42,"column":2},"end":{"line":51,"column":5}},"13":{"start":{"line":43,"column":4},"end":{"line":43,"column":85}},"14":{"start":{"line":44,"column":4},"end":{"line":50,"column":7}},"15":{"start":{"line":45,"column":6},"end":{"line":47,"column":7}},"16":{"start":{"line":46,"column":8},"end":{"line":46,"column":27}},"17":{"start":{"line":49,"column":6},"end":{"line":49,"column":27}},"18":{"start":{"line":53,"column":0},"end":{"line":53,"column":27}}},"fnMap":{"0":{"name":"(anonymous_0)","decl":{"start":{"line":15,"column":19},"end":{"line":15,"column":20}},"loc":{"start":{"line":20,"column":11},"end":{"line":52,"column":1}},"line":20},"1":{"name":"(anonymous_1)","decl":{"start":{"line":42,"column":21},"end":{"line":42,"column":22}},"loc":{"start":{"line":42,"column":42},"end":{"line":51,"column":3}},"line":42},"2":{"name":"(anonymous_2)","decl":{"start":{"line":44,"column":31},"end":{"line":44,"column":32}},"loc":{"start":{"line":44,"column":46},"end":{"line":50,"column":5}},"line":44}},"branchMap":{"0":{"loc":{"start":{"line":6,"column":2},"end":{"line":6,"column":32}},"type":"default-arg","locations":[{"start":{"line":6,"column":20},"end":{"line":6,"column":32}}],"line":6},"1":{"loc":{"start":{"line":12,"column":2},"end":{"line":12,"column":28}},"type":"default-arg","locations":[{"start":{"line":12,"column":27},"end":{"line":12,"column":28}}],"line":12},"2":{"loc":{"start":{"line":15,"column":20},"end":{"line":20,"column":6}},"type":"default-arg","locations":[{"start":{"line":20,"column":4},"end":{"line":20,"column":6}}],"line":15},"3":{"loc":{"start":{"line":16,"column":2},"end":{"line":16,"column":25}},"type":"default-arg","locations":[{"start":{"line":16,"column":24},"end":{"line":16,"column":25}}],"line":16},"4":{"loc":{"start":{"line":17,"column":2},"end":{"line":17,"column":42}},"type":"default-arg","locations":[{"start":{"line":17,"column":13},"end":{"line":17,"column":42}}],"line":17},"5":{"loc":{"start":{"line":18,"column":2},"end":{"line":18,"column":23}},"type":"default-arg","locations":[{"start":{"line":18,"column":22},"end":{"line":18,"column":23}}],"line":18},"6":{"loc":{"start":{"line":19,"column":2},"end":{"line":19,"column":42}},"type":"default-arg","locations":[{"start":{"line":19,"column":20},"end":{"line":19,"column":42}}],"line":19},"7":{"loc":{"start":{"line":30,"column":2},"end":{"line":32,"column":3}},"type":"if","locations":[{"start":{"line":30,"column":2},"end":{"line":32,"column":3}},{"start":{"line":30,"column":2},"end":{"line":32,"column":3}}],"line":30},"8":{"loc":{"start":{"line":33,"column":2},"end":{"line":35,"column":3}},"type":"if","locations":[{"start":{"line":33,"column":2},"end":{"line":35,"column":3}},{"start":{"line":33,"column":2},"end":{"line":35,"column":3}}],"line":33},"9":{"loc":{"start":{"line":36,"column":2},"end":{"line":38,"column":3}},"type":"if","locations":[{"start":{"line":36,"column":2},"end":{"line":38,"column":3}},{"start":{"line":36,"column":2},"end":{"line":38,"column":3}}],"line":36},"10":{"loc":{"start":{"line":45,"column":6},"end":{"line":47,"column":7}},"type":"if","locations":[{"start":{"line":45,"column":6},"end":{"line":47,"column":7}},{"start":{"line":45,"column":6},"end":{"line":47,"column":7}}],"line":45}},"s":{"0":2,"1":2,"2":2,"3":2,"4":683,"5":683,"6":0,"7":683,"8":0,"9":683,"10":683,"11":683,"12":683,"13":683,"14":683,"15":681,"16":0,"17":681,"18":2},"f":{"0":683,"1":683,"2":681},"b":{"0":[2],"1":[0],"2":[683],"3":[683],"4":[683],"5":[683],"6":[683],"7":[0,683],"8":[0,683],"9":[683,0],"10":[0,681]},"_coverageSchema":"43e27e138ebf9cfc5966b082cf9a028302ed4184","hash":"b938c7b7f4ce0e7e934c3dbb3dad21b2691647ad"}
,"/Users/kristen/Documents/workspace/rallio-chute/app/mapping.js": {"path":"/Users/kristen/Documents/workspace/rallio-chute/app/mapping.js","statementMap":{"0":{"start":{"line":1,"column":15},"end":{"line":1,"column":41}},"1":{"start":{"line":4,"column":16},"end":{"line":4,"column":33}},"2":{"start":{"line":5,"column":2},"end":{"line":5,"column":23}},"3":{"start":{"line":6,"column":2},"end":{"line":6,"column":37}},"4":{"start":{"line":7,"column":2},"end":{"line":7,"column":31}},"5":{"start":{"line":8,"column":0},"end":{"line":8,"column":8}},"6":{"start":{"line":9,"column":18},"end":{"line":19,"column":4}},"7":{"start":{"line":15,"column":4},"end":{"line":15,"column":42}},"8":{"start":{"line":16,"column":2},"end":{"line":16,"column":10}},"9":{"start":{"line":20,"column":2},"end":{"line":20,"column":20}},"10":{"start":{"line":23,"column":0},"end":{"line":23,"column":34}}},"fnMap":{"0":{"name":"chuteMapping","decl":{"start":{"line":3,"column":15},"end":{"line":3,"column":27}},"loc":{"start":{"line":3,"column":54},"end":{"line":21,"column":1}},"line":3},"1":{"name":"(anonymous_1)","decl":{"start":{"line":14,"column":11},"end":{"line":14,"column":12}},"loc":{"start":{"line":14,"column":18},"end":{"line":19,"column":3}},"line":14}},"branchMap":{},"s":{"0":4,"1":2048,"2":2048,"3":2048,"4":2048,"5":2048,"6":2048,"7":0,"8":0,"9":2041,"10":4},"f":{"0":2048,"1":0},"b":{},"_coverageSchema":"43e27e138ebf9cfc5966b082cf9a028302ed4184","hash":"c93fedaa70028c6921fa9b37712dd0d912fca74b"}
,"/Users/kristen/Documents/workspace/rallio-chute/app/poll-messages.js": {"path":"/Users/kristen/Documents/workspace/rallio-chute/app/poll-messages.js","statementMap":{"0":{"start":{"line":1,"column":25},"end":{"line":1,"column":53}},"1":{"start":{"line":2,"column":21},"end":{"line":2,"column":45}},"2":{"start":{"line":3,"column":24},"end":{"line":3,"column":58}},"3":{"start":{"line":4,"column":21},"end":{"line":59,"column":2}},"4":{"start":{"line":8,"column":11},"end":{"line":59,"column":2}},"5":{"start":{"line":12,"column":6},"end":{"line":12,"column":14}},"6":{"start":{"line":14,"column":2},"end":{"line":16,"column":3}},"7":{"start":{"line":15,"column":4},"end":{"line":15,"column":13}},"8":{"start":{"line":19,"column":2},"end":{"line":36,"column":3}},"9":{"start":{"line":20,"column":4},"end":{"line":31,"column":7}},"10":{"start":{"line":24,"column":10},"end":{"line":24,"column":11}},"11":{"start":{"line":26,"column":6},"end":{"line":30,"column":8}},"12":{"start":{"line":34,"column":4},"end":{"line":34,"column":32}},"13":{"start":{"line":35,"column":4},"end":{"line":35,"column":20}},"14":{"start":{"line":37,"column":2},"end":{"line":40,"column":3}},"15":{"start":{"line":38,"column":4},"end":{"line":38,"column":33}},"16":{"start":{"line":39,"column":4},"end":{"line":39,"column":13}},"17":{"start":{"line":42,"column":28},"end":{"line":42,"column":102}},"18":{"start":{"line":44,"column":2},"end":{"line":46,"column":3}},"19":{"start":{"line":45,"column":4},"end":{"line":45,"column":20}},"20":{"start":{"line":48,"column":33},"end":{"line":52,"column":4}},"21":{"start":{"line":49,"column":4},"end":{"line":51,"column":7}},"22":{"start":{"line":54,"column":2},"end":{"line":54,"column":65}},"23":{"start":{"line":57,"column":0},"end":{"line":57,"column":8}},"24":{"start":{"line":58,"column":2},"end":{"line":58,"column":39}},"25":{"start":{"line":63,"column":0},"end":{"line":63,"column":33}}},"fnMap":{"0":{"name":"(anonymous_0)","decl":{"start":{"line":4,"column":21},"end":{"line":4,"column":22}},"loc":{"start":{"line":8,"column":11},"end":{"line":59,"column":2}},"line":8},"1":{"name":"(anonymous_1)","decl":{"start":{"line":8,"column":25},"end":{"line":8,"column":26}},"loc":{"start":{"line":8,"column":50},"end":{"line":59,"column":1}},"line":8},"2":{"name":"(anonymous_2)","decl":{"start":{"line":20,"column":34},"end":{"line":20,"column":35}},"loc":{"start":{"line":20,"column":41},"end":{"line":31,"column":5}},"line":20},"3":{"name":"(anonymous_3)","decl":{"start":{"line":48,"column":55},"end":{"line":48,"column":56}},"loc":{"start":{"line":48,"column":66},"end":{"line":52,"column":3}},"line":48}},"branchMap":{"0":{"loc":{"start":{"line":4,"column":22},"end":{"line":8,"column":6}},"type":"default-arg","locations":[{"start":{"line":8,"column":4},"end":{"line":8,"column":6}}],"line":4},"1":{"loc":{"start":{"line":5,"column":4},"end":{"line":5,"column":23}},"type":"default-arg","locations":[{"start":{"line":5,"column":13},"end":{"line":5,"column":23}}],"line":5},"2":{"loc":{"start":{"line":6,"column":4},"end":{"line":6,"column":26}},"type":"default-arg","locations":[{"start":{"line":6,"column":13},"end":{"line":6,"column":26}}],"line":6},"3":{"loc":{"start":{"line":7,"column":4},"end":{"line":7,"column":27}},"type":"default-arg","locations":[{"start":{"line":7,"column":13},"end":{"line":7,"column":27}}],"line":7},"4":{"loc":{"start":{"line":8,"column":32},"end":{"line":8,"column":45}},"type":"default-arg","locations":[{"start":{"line":8,"column":43},"end":{"line":8,"column":45}}],"line":8},"5":{"loc":{"start":{"line":14,"column":2},"end":{"line":16,"column":3}},"type":"if","locations":[{"start":{"line":14,"column":2},"end":{"line":16,"column":3}},{"start":{"line":14,"column":2},"end":{"line":16,"column":3}}],"line":14},"6":{"loc":{"start":{"line":37,"column":2},"end":{"line":40,"column":3}},"type":"if","locations":[{"start":{"line":37,"column":2},"end":{"line":40,"column":3}},{"start":{"line":37,"column":2},"end":{"line":40,"column":3}}],"line":37},"7":{"loc":{"start":{"line":44,"column":2},"end":{"line":46,"column":3}},"type":"if","locations":[{"start":{"line":44,"column":2},"end":{"line":46,"column":3}},{"start":{"line":44,"column":2},"end":{"line":46,"column":3}}],"line":44}},"s":{"0":2,"1":2,"2":2,"3":2,"4":684,"5":682,"6":682,"7":0,"8":682,"9":682,"10":682,"11":682,"12":0,"13":0,"14":682,"15":0,"16":0,"17":682,"18":682,"19":681,"20":1,"21":1,"22":1,"23":1,"24":1,"25":2},"f":{"0":684,"1":682,"2":682,"3":1},"b":{"0":[683],"1":[683],"2":[683],"3":[683],"4":[0],"5":[0,682],"6":[0,682],"7":[681,1]},"_coverageSchema":"43e27e138ebf9cfc5966b082cf9a028302ed4184","hash":"00c64f6e1f92429355de18545fe9321c04c846f2"}
,"/Users/kristen/Documents/workspace/rallio-chute/app/save-request.js": {"path":"/Users/kristen/Documents/workspace/rallio-chute/app/save-request.js","statementMap":{"0":{"start":{"line":1,"column":15},"end":{"line":1,"column":41}},"1":{"start":{"line":4,"column":18},"end":{"line":4,"column":32}},"2":{"start":{"line":5,"column":2},"end":{"line":5,"column":54}},"3":{"start":{"line":6,"column":1},"end":{"line":6,"column":9}},"4":{"start":{"line":7,"column":18},"end":{"line":17,"column":4}},"5":{"start":{"line":18,"column":2},"end":{"line":20,"column":5}},"6":{"start":{"line":19,"column":4},"end":{"line":19,"column":42}},"7":{"start":{"line":21,"column":2},"end":{"line":21,"column":33}},"8":{"start":{"line":22,"column":2},"end":{"line":22,"column":16}},"9":{"start":{"line":25,"column":0},"end":{"line":25,"column":33}}},"fnMap":{"0":{"name":"saveRequest","decl":{"start":{"line":3,"column":15},"end":{"line":3,"column":26}},"loc":{"start":{"line":3,"column":34},"end":{"line":23,"column":1}},"line":3},"1":{"name":"(anonymous_1)","decl":{"start":{"line":18,"column":16},"end":{"line":18,"column":17}},"loc":{"start":{"line":18,"column":23},"end":{"line":20,"column":3}},"line":18}},"branchMap":{},"s":{"0":4,"1":3,"2":3,"3":3,"4":3,"5":3,"6":0,"7":3,"8":3,"9":4},"f":{"0":3,"1":0},"b":{},"_coverageSchema":"43e27e138ebf9cfc5966b082cf9a028302ed4184","hash":"2a8a8faa80786139692c4dc6ef59a12dbdb39248"}
,"/Users/kristen/Documents/workspace/rallio-chute/app/save-success.js": {"path":"/Users/kristen/Documents/workspace/rallio-chute/app/save-success.js","statementMap":{"0":{"start":{"line":1,"column":15},"end":{"line":1,"column":41}},"1":{"start":{"line":4,"column":16},"end":{"line":4,"column":30}},"2":{"start":{"line":5,"column":2},"end":{"line":5,"column":54}},"3":{"start":{"line":6,"column":18},"end":{"line":10,"column":52}},"4":{"start":{"line":10,"column":17},"end":{"line":10,"column":51}},"5":{"start":{"line":12,"column":2},"end":{"line":12,"column":16}},"6":{"start":{"line":15,"column":0},"end":{"line":15,"column":33}}},"fnMap":{"0":{"name":"saveSuccess","decl":{"start":{"line":3,"column":15},"end":{"line":3,"column":26}},"loc":{"start":{"line":3,"column":34},"end":{"line":13,"column":1}},"line":3},"1":{"name":"(anonymous_1)","decl":{"start":{"line":10,"column":8},"end":{"line":10,"column":9}},"loc":{"start":{"line":10,"column":17},"end":{"line":10,"column":51}},"line":10}},"branchMap":{"0":{"loc":{"start":{"line":10,"column":17},"end":{"line":10,"column":51}},"type":"binary-expr","locations":[{"start":{"line":10,"column":17},"end":{"line":10,"column":44}},{"start":{"line":10,"column":48},"end":{"line":10,"column":51}}],"line":10}},"s":{"0":4,"1":3,"2":3,"3":3,"4":3,"5":3,"6":4},"f":{"0":3,"1":3},"b":{"0":[3,3]},"_coverageSchema":"43e27e138ebf9cfc5966b082cf9a028302ed4184","hash":"9cbdd71ec607881e2390adedb760cb294b140473"}
,"/Users/kristen/Documents/workspace/rallio-chute/app/send-to-chute.js": {"path":"/Users/kristen/Documents/workspace/rallio-chute/app/send-to-chute.js","statementMap":{"0":{"start":{"line":1,"column":23},"end":{"line":1,"column":43}},"1":{"start":{"line":2,"column":22},"end":{"line":2,"column":47}},"2":{"start":{"line":3,"column":22},"end":{"line":3,"column":53}},"3":{"start":{"line":4,"column":22},"end":{"line":4,"column":47}},"4":{"start":{"line":7,"column":19},"end":{"line":7,"column":49}},"5":{"start":{"line":10,"column":2},"end":{"line":10,"column":10}},"6":{"start":{"line":11,"column":23},"end":{"line":11,"column":127}},"7":{"start":{"line":12,"column":2},"end":{"line":12,"column":10}},"8":{"start":{"line":13,"column":2},"end":{"line":13,"column":39}},"9":{"start":{"line":14,"column":0},"end":{"line":14,"column":8}},"10":{"start":{"line":15,"column":2},"end":{"line":19,"column":3}},"11":{"start":{"line":17,"column":4},"end":{"line":17,"column":103}},"12":{"start":{"line":18,"column":4},"end":{"line":18,"column":36}},"13":{"start":{"line":21,"column":22},"end":{"line":32,"column":3}},"14":{"start":{"line":33,"column":2},"end":{"line":33,"column":10}},"15":{"start":{"line":34,"column":2},"end":{"line":89,"column":3}},"16":{"start":{"line":35,"column":4},"end":{"line":35,"column":58}},"17":{"start":{"line":36,"column":0},"end":{"line":36,"column":8}},"18":{"start":{"line":37,"column":20},"end":{"line":48,"column":5}},"19":{"start":{"line":50,"column":24},"end":{"line":50,"column":64}},"20":{"start":{"line":51,"column":0},"end":{"line":51,"column":8}},"21":{"start":{"line":52,"column":4},"end":{"line":58,"column":5}},"22":{"start":{"line":54,"column":6},"end":{"line":57,"column":9}},"23":{"start":{"line":59,"column":25},"end":{"line":59,"column":51}},"24":{"start":{"line":61,"column":4},"end":{"line":63,"column":5}},"25":{"start":{"line":62,"column":6},"end":{"line":62,"column":55}},"26":{"start":{"line":64,"column":0},"end":{"line":64,"column":8}},"27":{"start":{"line":65,"column":4},"end":{"line":65,"column":23}},"28":{"start":{"line":68,"column":20},"end":{"line":68,"column":113}},"29":{"start":{"line":70,"column":4},"end":{"line":88,"column":5}},"30":{"start":{"line":71,"column":26},"end":{"line":71,"column":66}},"31":{"start":{"line":73,"column":6},"end":{"line":79,"column":7}},"32":{"start":{"line":75,"column":8},"end":{"line":78,"column":11}},"33":{"start":{"line":81,"column":26},"end":{"line":81,"column":52}},"34":{"start":{"line":83,"column":6},"end":{"line":85,"column":7}},"35":{"start":{"line":84,"column":8},"end":{"line":84,"column":57}},"36":{"start":{"line":87,"column":6},"end":{"line":87,"column":25}},"37":{"start":{"line":92,"column":0},"end":{"line":92,"column":33}}},"fnMap":{"0":{"name":"sendToChute","decl":{"start":{"line":9,"column":15},"end":{"line":9,"column":26}},"loc":{"start":{"line":9,"column":59},"end":{"line":90,"column":1}},"line":9}},"branchMap":{"0":{"loc":{"start":{"line":9,"column":38},"end":{"line":9,"column":56}},"type":"default-arg","locations":[{"start":{"line":9,"column":45},"end":{"line":9,"column":56}}],"line":9},"1":{"loc":{"start":{"line":15,"column":2},"end":{"line":19,"column":3}},"type":"if","locations":[{"start":{"line":15,"column":2},"end":{"line":19,"column":3}},{"start":{"line":15,"column":2},"end":{"line":19,"column":3}}],"line":15},"2":{"loc":{"start":{"line":34,"column":2},"end":{"line":89,"column":3}},"type":"if","locations":[{"start":{"line":34,"column":2},"end":{"line":89,"column":3}},{"start":{"line":34,"column":2},"end":{"line":89,"column":3}}],"line":34},"3":{"loc":{"start":{"line":52,"column":4},"end":{"line":58,"column":5}},"type":"if","locations":[{"start":{"line":52,"column":4},"end":{"line":58,"column":5}},{"start":{"line":52,"column":4},"end":{"line":58,"column":5}}],"line":52},"4":{"loc":{"start":{"line":61,"column":4},"end":{"line":63,"column":5}},"type":"if","locations":[{"start":{"line":61,"column":4},"end":{"line":63,"column":5}},{"start":{"line":61,"column":4},"end":{"line":63,"column":5}}],"line":61},"5":{"loc":{"start":{"line":70,"column":4},"end":{"line":88,"column":5}},"type":"if","locations":[{"start":{"line":70,"column":4},"end":{"line":88,"column":5}},{"start":{"line":70,"column":4},"end":{"line":88,"column":5}}],"line":70},"6":{"loc":{"start":{"line":73,"column":6},"end":{"line":79,"column":7}},"type":"if","locations":[{"start":{"line":73,"column":6},"end":{"line":79,"column":7}},{"start":{"line":73,"column":6},"end":{"line":79,"column":7}}],"line":73},"7":{"loc":{"start":{"line":83,"column":6},"end":{"line":85,"column":7}},"type":"if","locations":[{"start":{"line":83,"column":6},"end":{"line":85,"column":7}},{"start":{"line":83,"column":6},"end":{"line":85,"column":7}}],"line":83}},"s":{"0":3,"1":3,"2":3,"3":3,"4":3,"5":2728,"6":2728,"7":2041,"8":2041,"9":2041,"10":2041,"11":2037,"12":2037,"13":4,"14":4,"15":4,"16":2,"17":2,"18":2,"19":2,"20":2,"21":2,"22":0,"23":2,"24":2,"25":0,"26":2,"27":2,"28":2,"29":2,"30":2,"31":2,"32":2,"33":0,"34":0,"35":0,"36":0,"37":3},"f":{"0":2728},"b":{"0":[2724],"1":[2037,4],"2":[2,2],"3":[0,2],"4":[0,2],"5":[2,0],"6":[2,0],"7":[0,0]},"_coverageSchema":"43e27e138ebf9cfc5966b082cf9a028302ed4184","hash":"32641e2f6265b6c1208bd417603e9bea2d9c43b2"}
,"/Users/kristen/Documents/workspace/rallio-chute/config/db.js": {"path":"/Users/kristen/Documents/workspace/rallio-chute/config/db.js","statementMap":{"0":{"start":{"line":1,"column":0},"end":{"line":1,"column":26}},"1":{"start":{"line":2,"column":16},"end":{"line":2,"column":26}},"2":{"start":{"line":4,"column":0},"end":{"line":40,"column":2}}},"fnMap":{},"branchMap":{},"s":{"0":8,"1":8,"2":8},"f":{},"b":{},"_coverageSchema":"43e27e138ebf9cfc5966b082cf9a028302ed4184","hash":"eed4c3e812b09b69ab8143b59abefd83d532ff67"}
,"/Users/kristen/Documents/workspace/rallio-chute/models/index.js": {"path":"/Users/kristen/Documents/workspace/rallio-chute/models/index.js","statementMap":{"0":{"start":{"line":3,"column":11},"end":{"line":3,"column":24}},"1":{"start":{"line":4,"column":13},"end":{"line":4,"column":28}},"2":{"start":{"line":5,"column":18},"end":{"line":5,"column":38}},"3":{"start":{"line":6,"column":17},"end":{"line":6,"column":42}},"4":{"start":{"line":7,"column":12},"end":{"line":7,"column":49}},"5":{"start":{"line":8,"column":15},"end":{"line":8,"column":41}},"6":{"start":{"line":9,"column":66},"end":{"line":9,"column":77}},"7":{"start":{"line":10,"column":11},"end":{"line":10,"column":13}},"8":{"start":{"line":13,"column":0},"end":{"line":19,"column":1}},"9":{"start":{"line":14,"column":2},"end":{"line":14,"column":46}},"10":{"start":{"line":16,"column":2},"end":{"line":18,"column":5}},"11":{"start":{"line":21,"column":0},"end":{"line":29,"column":5}},"12":{"start":{"line":24,"column":4},"end":{"line":24,"column":90}},"13":{"start":{"line":27,"column":18},"end":{"line":27,"column":65}},"14":{"start":{"line":28,"column":4},"end":{"line":28,"column":27}},"15":{"start":{"line":31,"column":0},"end":{"line":35,"column":3}},"16":{"start":{"line":32,"column":2},"end":{"line":34,"column":3}},"17":{"start":{"line":33,"column":4},"end":{"line":33,"column":32}},"18":{"start":{"line":37,"column":0},"end":{"line":37,"column":25}},"19":{"start":{"line":38,"column":0},"end":{"line":38,"column":25}},"20":{"start":{"line":40,"column":0},"end":{"line":40,"column":20}}},"fnMap":{"0":{"name":"(anonymous_0)","decl":{"start":{"line":23,"column":10},"end":{"line":23,"column":11}},"loc":{"start":{"line":23,"column":18},"end":{"line":25,"column":3}},"line":23},"1":{"name":"(anonymous_1)","decl":{"start":{"line":26,"column":11},"end":{"line":26,"column":12}},"loc":{"start":{"line":26,"column":19},"end":{"line":29,"column":3}},"line":26},"2":{"name":"(anonymous_2)","decl":{"start":{"line":31,"column":24},"end":{"line":31,"column":25}},"loc":{"start":{"line":31,"column":37},"end":{"line":35,"column":1}},"line":31}},"branchMap":{"0":{"loc":{"start":{"line":7,"column":12},"end":{"line":7,"column":49}},"type":"binary-expr","locations":[{"start":{"line":7,"column":12},"end":{"line":7,"column":32}},{"start":{"line":7,"column":36},"end":{"line":7,"column":49}}],"line":7},"1":{"loc":{"start":{"line":13,"column":0},"end":{"line":19,"column":1}},"type":"if","locations":[{"start":{"line":13,"column":0},"end":{"line":19,"column":1}},{"start":{"line":13,"column":0},"end":{"line":19,"column":1}}],"line":13},"2":{"loc":{"start":{"line":24,"column":11},"end":{"line":24,"column":89}},"type":"binary-expr","locations":[{"start":{"line":24,"column":12},"end":{"line":24,"column":35}},{"start":{"line":24,"column":41},"end":{"line":24,"column":58}},{"start":{"line":24,"column":64},"end":{"line":24,"column":88}}],"line":24},"3":{"loc":{"start":{"line":32,"column":2},"end":{"line":34,"column":3}},"type":"if","locations":[{"start":{"line":32,"column":2},"end":{"line":34,"column":3}},{"start":{"line":32,"column":2},"end":{"line":34,"column":3}}],"line":32}},"s":{"0":8,"1":8,"2":8,"3":8,"4":8,"5":8,"6":8,"7":8,"8":8,"9":0,"10":8,"11":8,"12":32,"13":24,"14":24,"15":8,"16":24,"17":24,"18":8,"19":8,"20":8},"f":{"0":32,"1":24,"2":24},"b":{"0":[8,0],"1":[0,8],"2":[32,32,24],"3":[24,0]},"_coverageSchema":"43e27e138ebf9cfc5966b082cf9a028302ed4184","hash":"fb3cdab610d4af69efceaf954371537f7938cf05"}
,"/Users/kristen/Documents/workspace/rallio-chute/models/locationmap.js": {"path":"/Users/kristen/Documents/workspace/rallio-chute/models/locationmap.js","statementMap":{"0":{"start":{"line":2,"column":0},"end":{"line":11,"column":2}},"1":{"start":{"line":3,"column":22},"end":{"line":6,"column":8}},"2":{"start":{"line":7,"column":2},"end":{"line":9,"column":4}},"3":{"start":{"line":10,"column":2},"end":{"line":10,"column":21}}},"fnMap":{"0":{"name":"(anonymous_0)","decl":{"start":{"line":2,"column":17},"end":{"line":2,"column":18}},"loc":{"start":{"line":2,"column":43},"end":{"line":11,"column":1}},"line":2},"1":{"name":"(anonymous_1)","decl":{"start":{"line":7,"column":26},"end":{"line":7,"column":27}},"loc":{"start":{"line":7,"column":37},"end":{"line":9,"column":3}},"line":7}},"branchMap":{},"s":{"0":8,"1":8,"2":8,"3":8},"f":{"0":8,"1":8},"b":{},"_coverageSchema":"43e27e138ebf9cfc5966b082cf9a028302ed4184","hash":"e9f304725b8a478da3fed78508e16c27507386ea"}
,"/Users/kristen/Documents/workspace/rallio-chute/models/request.js": {"path":"/Users/kristen/Documents/workspace/rallio-chute/models/request.js","statementMap":{"0":{"start":{"line":2,"column":0},"end":{"line":19,"column":2}},"1":{"start":{"line":3,"column":18},"end":{"line":14,"column":8}},"2":{"start":{"line":15,"column":2},"end":{"line":17,"column":4}},"3":{"start":{"line":18,"column":2},"end":{"line":18,"column":17}}},"fnMap":{"0":{"name":"(anonymous_0)","decl":{"start":{"line":2,"column":17},"end":{"line":2,"column":18}},"loc":{"start":{"line":2,"column":43},"end":{"line":19,"column":1}},"line":2},"1":{"name":"(anonymous_1)","decl":{"start":{"line":15,"column":22},"end":{"line":15,"column":23}},"loc":{"start":{"line":15,"column":33},"end":{"line":17,"column":3}},"line":15}},"branchMap":{},"s":{"0":8,"1":8,"2":8,"3":8},"f":{"0":8,"1":8},"b":{},"_coverageSchema":"43e27e138ebf9cfc5966b082cf9a028302ed4184","hash":"e6d540c914c62b6cb30eed19ea4097c11862c00c"}
,"/Users/kristen/Documents/workspace/rallio-chute/models/tagmap.js": {"path":"/Users/kristen/Documents/workspace/rallio-chute/models/tagmap.js","statementMap":{"0":{"start":{"line":2,"column":0},"end":{"line":11,"column":2}},"1":{"start":{"line":3,"column":17},"end":{"line":6,"column":8}},"2":{"start":{"line":7,"column":2},"end":{"line":9,"column":4}},"3":{"start":{"line":10,"column":2},"end":{"line":10,"column":16}}},"fnMap":{"0":{"name":"(anonymous_0)","decl":{"start":{"line":2,"column":17},"end":{"line":2,"column":18}},"loc":{"start":{"line":2,"column":43},"end":{"line":11,"column":1}},"line":2},"1":{"name":"(anonymous_1)","decl":{"start":{"line":7,"column":21},"end":{"line":7,"column":22}},"loc":{"start":{"line":7,"column":32},"end":{"line":9,"column":3}},"line":7}},"branchMap":{},"s":{"0":8,"1":8,"2":8,"3":8},"f":{"0":8,"1":8},"b":{},"_coverageSchema":"43e27e138ebf9cfc5966b082cf9a028302ed4184","hash":"d684f4125d0331e73c5d65cea0d778bc65123f6d"}
,"/Users/kristen/Documents/workspace/rallio-chute/util/remove-from-sqs.js": {"path":"/Users/kristen/Documents/workspace/rallio-chute/util/remove-from-sqs.js","statementMap":{"0":{"start":{"line":1,"column":12},"end":{"line":1,"column":30}},"1":{"start":{"line":2,"column":0},"end":{"line":2,"column":27}},"2":{"start":{"line":10,"column":4},"end":{"line":10,"column":15}},"3":{"start":{"line":12,"column":0},"end":{"line":16,"column":1}},"4":{"start":{"line":13,"column":2},"end":{"line":15,"column":5}},"5":{"start":{"line":17,"column":0},"end":{"line":21,"column":1}},"6":{"start":{"line":18,"column":2},"end":{"line":20,"column":5}},"7":{"start":{"line":22,"column":0},"end":{"line":26,"column":1}},"8":{"start":{"line":23,"column":2},"end":{"line":25,"column":5}},"9":{"start":{"line":28,"column":12},"end":{"line":28,"column":56}},"10":{"start":{"line":30,"column":22},"end":{"line":52,"column":1}},"11":{"start":{"line":34,"column":2},"end":{"line":51,"column":5}},"12":{"start":{"line":35,"column":4},"end":{"line":37,"column":5}},"13":{"start":{"line":36,"column":6},"end":{"line":36,"column":58}},"14":{"start":{"line":39,"column":25},"end":{"line":44,"column":5}},"15":{"start":{"line":40,"column":6},"end":{"line":42,"column":7}},"16":{"start":{"line":41,"column":8},"end":{"line":41,"column":40}},"17":{"start":{"line":43,"column":6},"end":{"line":43,"column":20}},"18":{"start":{"line":46,"column":4},"end":{"line":50,"column":5}},"19":{"start":{"line":47,"column":6},"end":{"line":47,"column":67}},"20":{"start":{"line":49,"column":6},"end":{"line":49,"column":63}},"21":{"start":{"line":54,"column":0},"end":{"line":54,"column":35}}},"fnMap":{"0":{"name":"(anonymous_0)","decl":{"start":{"line":30,"column":22},"end":{"line":30,"column":23}},"loc":{"start":{"line":33,"column":11},"end":{"line":52,"column":1}},"line":33},"1":{"name":"(anonymous_1)","decl":{"start":{"line":34,"column":21},"end":{"line":34,"column":22}},"loc":{"start":{"line":34,"column":42},"end":{"line":51,"column":3}},"line":34},"2":{"name":"(anonymous_2)","decl":{"start":{"line":39,"column":25},"end":{"line":39,"column":26}},"loc":{"start":{"line":39,"column":40},"end":{"line":44,"column":5}},"line":39}},"branchMap":{"0":{"loc":{"start":{"line":5,"column":2},"end":{"line":5,"column":32}},"type":"default-arg","locations":[{"start":{"line":5,"column":20},"end":{"line":5,"column":32}}],"line":5},"1":{"loc":{"start":{"line":12,"column":0},"end":{"line":16,"column":1}},"type":"if","locations":[{"start":{"line":12,"column":0},"end":{"line":16,"column":1}},{"start":{"line":12,"column":0},"end":{"line":16,"column":1}}],"line":12},"2":{"loc":{"start":{"line":17,"column":0},"end":{"line":21,"column":1}},"type":"if","locations":[{"start":{"line":17,"column":0},"end":{"line":21,"column":1}},{"start":{"line":17,"column":0},"end":{"line":21,"column":1}}],"line":17},"3":{"loc":{"start":{"line":22,"column":0},"end":{"line":26,"column":1}},"type":"if","locations":[{"start":{"line":22,"column":0},"end":{"line":26,"column":1}},{"start":{"line":22,"column":0},"end":{"line":26,"column":1}}],"line":22},"4":{"loc":{"start":{"line":30,"column":23},"end":{"line":33,"column":6}},"type":"default-arg","locations":[{"start":{"line":33,"column":4},"end":{"line":33,"column":6}}],"line":30},"5":{"loc":{"start":{"line":31,"column":2},"end":{"line":31,"column":20}},"type":"default-arg","locations":[{"start":{"line":31,"column":18},"end":{"line":31,"column":20}}],"line":31},"6":{"loc":{"start":{"line":32,"column":2},"end":{"line":32,"column":30}},"type":"default-arg","locations":[{"start":{"line":32,"column":13},"end":{"line":32,"column":30}}],"line":32},"7":{"loc":{"start":{"line":35,"column":4},"end":{"line":37,"column":5}},"type":"if","locations":[{"start":{"line":35,"column":4},"end":{"line":37,"column":5}},{"start":{"line":35,"column":4},"end":{"line":37,"column":5}}],"line":35},"8":{"loc":{"start":{"line":40,"column":6},"end":{"line":42,"column":7}},"type":"if","locations":[{"start":{"line":40,"column":6},"end":{"line":42,"column":7}},{"start":{"line":40,"column":6},"end":{"line":42,"column":7}}],"line":40}},"s":{"0":2,"1":2,"2":2,"3":2,"4":0,"5":2,"6":0,"7":2,"8":2,"9":2,"10":2,"11":0,"12":0,"13":0,"14":0,"15":0,"16":0,"17":0,"18":0,"19":0,"20":0,"21":2},"f":{"0":0,"1":0,"2":0},"b":{"0":[2],"1":[0,2],"2":[0,2],"3":[2,0],"4":[0],"5":[0],"6":[0],"7":[0,0],"8":[0,0]},"_coverageSchema":"43e27e138ebf9cfc5966b082cf9a028302ed4184","hash":"c2ffa068cf42354a5cf70cc96b3956b1024d9569"}
,"/Users/kristen/Documents/workspace/rallio-chute/util/send-message.js": {"path":"/Users/kristen/Documents/workspace/rallio-chute/util/send-message.js","statementMap":{"0":{"start":{"line":1,"column":14},"end":{"line":1,"column":32}},"1":{"start":{"line":2,"column":0},"end":{"line":2,"column":27}},"2":{"start":{"line":6,"column":4},"end":{"line":6,"column":15}},"3":{"start":{"line":9,"column":2},"end":{"line":39,"column":5}},"4":{"start":{"line":10,"column":4},"end":{"line":10,"column":30}},"5":{"start":{"line":12,"column":20},"end":{"line":22,"column":5}},"6":{"start":{"line":24,"column":4},"end":{"line":38,"column":7}},"7":{"start":{"line":25,"column":24},"end":{"line":25,"column":52}},"8":{"start":{"line":27,"column":6},"end":{"line":31,"column":7}},"9":{"start":{"line":29,"column":8},"end":{"line":29,"column":50}},"10":{"start":{"line":30,"column":8},"end":{"line":30,"column":35}},"11":{"start":{"line":33,"column":6},"end":{"line":37,"column":7}},"12":{"start":{"line":34,"column":8},"end":{"line":34,"column":31}},"13":{"start":{"line":36,"column":8},"end":{"line":36,"column":64}},"14":{"start":{"line":41,"column":0},"end":{"line":41,"column":33}}},"fnMap":{"0":{"name":"sendMessage","decl":{"start":{"line":8,"column":15},"end":{"line":8,"column":26}},"loc":{"start":{"line":8,"column":34},"end":{"line":40,"column":1}},"line":8},"1":{"name":"(anonymous_1)","decl":{"start":{"line":9,"column":21},"end":{"line":9,"column":22}},"loc":{"start":{"line":9,"column":42},"end":{"line":39,"column":3}},"line":9},"2":{"name":"(anonymous_2)","decl":{"start":{"line":24,"column":21},"end":{"line":24,"column":22}},"loc":{"start":{"line":24,"column":41},"end":{"line":38,"column":5}},"line":24}},"branchMap":{"0":{"loc":{"start":{"line":18,"column":16},"end":{"line":18,"column":41}},"type":"binary-expr","locations":[{"start":{"line":18,"column":16},"end":{"line":18,"column":29}},{"start":{"line":18,"column":33},"end":{"line":18,"column":41}}],"line":18},"1":{"loc":{"start":{"line":25,"column":24},"end":{"line":25,"column":52}},"type":"binary-expr","locations":[{"start":{"line":25,"column":24},"end":{"line":25,"column":29}},{"start":{"line":25,"column":33},"end":{"line":25,"column":52}}],"line":25},"2":{"loc":{"start":{"line":27,"column":6},"end":{"line":31,"column":7}},"type":"if","locations":[{"start":{"line":27,"column":6},"end":{"line":31,"column":7}},{"start":{"line":27,"column":6},"end":{"line":31,"column":7}}],"line":27}},"s":{"0":3,"1":3,"2":3,"3":0,"4":0,"5":0,"6":0,"7":0,"8":0,"9":0,"10":0,"11":0,"12":0,"13":0,"14":3},"f":{"0":0,"1":0,"2":0},"b":{"0":[0,0],"1":[0,0],"2":[0,0]},"_coverageSchema":"43e27e138ebf9cfc5966b082cf9a028302ed4184","hash":"e2a37061c1b01fe2f49ed2781316ba07ae4507ef"}
}
