{"/Users/kristen/Documents/workspace/rallio-chute/app/check-existing.js": {"path":"/Users/kristen/Documents/workspace/rallio-chute/app/check-existing.js","statementMap":{"0":{"start":{"line":1,"column":15},"end":{"line":1,"column":41}},"1":{"start":{"line":3,"column":18},"end":{"line":3,"column":32}},"2":{"start":{"line":4,"column":19},"end":{"line":9,"column":6}},"3":{"start":{"line":10,"column":4},"end":{"line":10,"column":17}},"4":{"start":{"line":13,"column":2},"end":{"line":13,"column":31}}},"fnMap":{"0":{"name":"checkDB","decl":{"start":{"line":2,"column":15},"end":{"line":2,"column":22}},"loc":{"start":{"line":2,"column":30},"end":{"line":11,"column":3}},"line":2}},"branchMap":{},"s":{"0":4,"1":2,"2":2,"3":2,"4":4},"f":{"0":2},"b":{},"_coverageSchema":"43e27e138ebf9cfc5966b082cf9a028302ed4184","hash":"b83e07a5627c9d592f583040140327c6992d9d82"}
,"/Users/kristen/Documents/workspace/rallio-chute/app/get-false-request.js": {"path":"/Users/kristen/Documents/workspace/rallio-chute/app/get-false-request.js","statementMap":{"0":{"start":{"line":1,"column":15},"end":{"line":1,"column":41}},"1":{"start":{"line":3,"column":4},"end":{"line":3,"column":48}},"2":{"start":{"line":4,"column":18},"end":{"line":4,"column":32}},"3":{"start":{"line":5,"column":4},"end":{"line":27,"column":5}},"4":{"start":{"line":6,"column":21},"end":{"line":13,"column":8}},"5":{"start":{"line":15,"column":6},"end":{"line":15,"column":19}},"6":{"start":{"line":17,"column":21},"end":{"line":24,"column":8}},"7":{"start":{"line":26,"column":6},"end":{"line":26,"column":19}},"8":{"start":{"line":34,"column":4},"end":{"line":34,"column":40}},"9":{"start":{"line":35,"column":18},"end":{"line":35,"column":32}},"10":{"start":{"line":37,"column":21},"end":{"line":43,"column":8}},"11":{"start":{"line":45,"column":6},"end":{"line":45,"column":19}},"12":{"start":{"line":49,"column":18},"end":{"line":49,"column":32}},"13":{"start":{"line":51,"column":19},"end":{"line":56,"column":6}},"14":{"start":{"line":58,"column":4},"end":{"line":58,"column":17}},"15":{"start":{"line":61,"column":2},"end":{"line":61,"column":49}}},"fnMap":{"0":{"name":"getFalse","decl":{"start":{"line":2,"column":15},"end":{"line":2,"column":23}},"loc":{"start":{"line":2,"column":60},"end":{"line":31,"column":3}},"line":2},"1":{"name":"getTrue","decl":{"start":{"line":33,"column":17},"end":{"line":33,"column":24}},"loc":{"start":{"line":33,"column":28},"end":{"line":46,"column":3}},"line":33},"2":{"name":"getAll","decl":{"start":{"line":48,"column":17},"end":{"line":48,"column":23}},"loc":{"start":{"line":48,"column":27},"end":{"line":59,"column":3}},"line":48}},"branchMap":{"0":{"loc":{"start":{"line":5,"column":4},"end":{"line":27,"column":5}},"type":"if","locations":[{"start":{"line":5,"column":4},"end":{"line":27,"column":5}},{"start":{"line":5,"column":4},"end":{"line":27,"column":5}}],"line":5}},"s":{"0":5,"1":8,"2":8,"3":8,"4":4,"5":4,"6":4,"7":4,"8":1,"9":1,"10":1,"11":1,"12":1,"13":1,"14":1,"15":5},"f":{"0":8,"1":1,"2":1},"b":{"0":[4,4]},"_coverageSchema":"43e27e138ebf9cfc5966b082cf9a028302ed4184","hash":"dcb9fbc8fddf6295e0acfa560cc21be4df6e6ba2"}
,"/Users/kristen/Documents/workspace/rallio-chute/app/handle-messages.js": {"path":"/Users/kristen/Documents/workspace/rallio-chute/app/handle-messages.js","statementMap":{"0":{"start":{"line":1,"column":24},"end":{"line":1,"column":50}},"1":{"start":{"line":2,"column":18},"end":{"line":2,"column":45}},"2":{"start":{"line":3,"column":23},"end":{"line":57,"column":3}},"3":{"start":{"line":5,"column":32},"end":{"line":55,"column":6}},"4":{"start":{"line":7,"column":34},"end":{"line":7,"column":41}},"5":{"start":{"line":9,"column":6},"end":{"line":9,"column":40}},"6":{"start":{"line":10,"column":30},"end":{"line":10,"column":57}},"7":{"start":{"line":12,"column":20},"end":{"line":12,"column":47}},"8":{"start":{"line":14,"column":28},"end":{"line":34,"column":9}},"9":{"start":{"line":16,"column":30},"end":{"line":31,"column":9}},"10":{"start":{"line":33,"column":8},"end":{"line":33,"column":45}},"11":{"start":{"line":36,"column":29},"end":{"line":51,"column":7}},"12":{"start":{"line":53,"column":6},"end":{"line":53,"column":44}},"13":{"start":{"line":54,"column":6},"end":{"line":54,"column":20}},"14":{"start":{"line":56,"column":3},"end":{"line":56,"column":44}},"15":{"start":{"line":61,"column":4},"end":{"line":65,"column":5}},"16":{"start":{"line":62,"column":6},"end":{"line":62,"column":17}},"17":{"start":{"line":64,"column":6},"end":{"line":64,"column":18}},"18":{"start":{"line":68,"column":2},"end":{"line":68,"column":37}}},"fnMap":{"0":{"name":"(anonymous_0)","decl":{"start":{"line":3,"column":23},"end":{"line":3,"column":24}},"loc":{"start":{"line":3,"column":73},"end":{"line":57,"column":3}},"line":3},"1":{"name":"(anonymous_1)","decl":{"start":{"line":5,"column":45},"end":{"line":5,"column":46}},"loc":{"start":{"line":5,"column":64},"end":{"line":55,"column":5}},"line":5},"2":{"name":"(anonymous_2)","decl":{"start":{"line":14,"column":72},"end":{"line":14,"column":73}},"loc":{"start":{"line":14,"column":79},"end":{"line":34,"column":7}},"line":14},"3":{"name":"checkRetry","decl":{"start":{"line":60,"column":11},"end":{"line":60,"column":21}},"loc":{"start":{"line":60,"column":38},"end":{"line":66,"column":3}},"line":60}},"branchMap":{"0":{"loc":{"start":{"line":3,"column":35},"end":{"line":3,"column":47}},"type":"default-arg","locations":[{"start":{"line":3,"column":40},"end":{"line":3,"column":47}}],"line":3},"1":{"loc":{"start":{"line":3,"column":49},"end":{"line":3,"column":67}},"type":"default-arg","locations":[{"start":{"line":3,"column":56},"end":{"line":3,"column":67}}],"line":3},"2":{"loc":{"start":{"line":7,"column":14},"end":{"line":7,"column":29}},"type":"default-arg","locations":[{"start":{"line":7,"column":27},"end":{"line":7,"column":29}}],"line":7},"3":{"loc":{"start":{"line":61,"column":4},"end":{"line":65,"column":5}},"type":"if","locations":[{"start":{"line":61,"column":4},"end":{"line":65,"column":5}},{"start":{"line":61,"column":4},"end":{"line":65,"column":5}}],"line":61}},"s":{"0":3,"1":3,"2":3,"3":2,"4":2,"5":2,"6":2,"7":2,"8":2,"9":6,"10":6,"11":2,"12":2,"13":2,"14":2,"15":2,"16":1,"17":1,"18":3},"f":{"0":2,"1":2,"2":6,"3":2},"b":{"0":[0],"1":[0],"2":[0],"3":[1,1]},"_coverageSchema":"43e27e138ebf9cfc5966b082cf9a028302ed4184","hash":"9f54aed2adb8f38847289a0c9fd56557d61b3edb"}
,"/Users/kristen/Documents/workspace/rallio-chute/app/index.js": {"path":"/Users/kristen/Documents/workspace/rallio-chute/app/index.js","statementMap":{"0":{"start":{"line":2,"column":25},"end":{"line":2,"column":51}},"1":{"start":{"line":4,"column":16},"end":{"line":4,"column":17}},"2":{"start":{"line":5,"column":29},"end":{"line":5,"column":30}},"3":{"start":{"line":6,"column":14},"end":{"line":15,"column":1}},"4":{"start":{"line":7,"column":2},"end":{"line":7,"column":10}},"5":{"start":{"line":8,"column":2},"end":{"line":10,"column":3}},"6":{"start":{"line":9,"column":4},"end":{"line":9,"column":54}},"7":{"start":{"line":12,"column":2},"end":{"line":12,"column":73}},"8":{"start":{"line":14,"column":2},"end":{"line":14,"column":44}},"9":{"start":{"line":21,"column":0},"end":{"line":21,"column":27}}},"fnMap":{"0":{"name":"(anonymous_0)","decl":{"start":{"line":6,"column":14},"end":{"line":6,"column":15}},"loc":{"start":{"line":6,"column":45},"end":{"line":15,"column":1}},"line":6}},"branchMap":{"0":{"loc":{"start":{"line":6,"column":21},"end":{"line":6,"column":40}},"type":"default-arg","locations":[{"start":{"line":6,"column":28},"end":{"line":6,"column":40}}],"line":6}},"s":{"0":1,"1":1,"2":1,"3":1,"4":2,"5":2,"6":0,"7":2,"8":2,"9":1},"f":{"0":2},"b":{"0":[2]},"_coverageSchema":"43e27e138ebf9cfc5966b082cf9a028302ed4184","hash":"ef77c53f505da1fc7c9ca5d8512a2de7b02467d4"}
,"/Users/kristen/Documents/workspace/rallio-chute/app/mapping.js": {"path":"/Users/kristen/Documents/workspace/rallio-chute/app/mapping.js","statementMap":{"0":{"start":{"line":1,"column":15},"end":{"line":1,"column":41}},"1":{"start":{"line":4,"column":16},"end":{"line":4,"column":33}},"2":{"start":{"line":5,"column":2},"end":{"line":5,"column":23}},"3":{"start":{"line":6,"column":2},"end":{"line":6,"column":37}},"4":{"start":{"line":7,"column":2},"end":{"line":7,"column":31}},"5":{"start":{"line":8,"column":18},"end":{"line":13,"column":4}},"6":{"start":{"line":14,"column":2},"end":{"line":14,"column":33}},"7":{"start":{"line":15,"column":2},"end":{"line":15,"column":20}},"8":{"start":{"line":18,"column":0},"end":{"line":18,"column":34}}},"fnMap":{"0":{"name":"chuteMapping","decl":{"start":{"line":3,"column":15},"end":{"line":3,"column":27}},"loc":{"start":{"line":3,"column":54},"end":{"line":16,"column":1}},"line":3}},"branchMap":{},"s":{"0":5,"1":10,"2":10,"3":10,"4":10,"5":10,"6":9,"7":9,"8":5},"f":{"0":10},"b":{},"_coverageSchema":"43e27e138ebf9cfc5966b082cf9a028302ed4184","hash":"54437f8addf58bde54002182b78325f49136fc83"}
,"/Users/kristen/Documents/workspace/rallio-chute/app/poll-messages.js": {"path":"/Users/kristen/Documents/workspace/rallio-chute/app/poll-messages.js","statementMap":{"0":{"start":{"line":1,"column":25},"end":{"line":1,"column":53}},"1":{"start":{"line":2,"column":21},"end":{"line":2,"column":45}},"2":{"start":{"line":3,"column":24},"end":{"line":3,"column":58}},"3":{"start":{"line":4,"column":21},"end":{"line":59,"column":2}},"4":{"start":{"line":8,"column":11},"end":{"line":59,"column":2}},"5":{"start":{"line":12,"column":6},"end":{"line":12,"column":14}},"6":{"start":{"line":14,"column":2},"end":{"line":16,"column":3}},"7":{"start":{"line":15,"column":4},"end":{"line":15,"column":13}},"8":{"start":{"line":19,"column":2},"end":{"line":36,"column":3}},"9":{"start":{"line":20,"column":4},"end":{"line":31,"column":7}},"10":{"start":{"line":24,"column":10},"end":{"line":24,"column":11}},"11":{"start":{"line":26,"column":6},"end":{"line":30,"column":8}},"12":{"start":{"line":34,"column":4},"end":{"line":34,"column":32}},"13":{"start":{"line":35,"column":4},"end":{"line":35,"column":20}},"14":{"start":{"line":37,"column":2},"end":{"line":40,"column":3}},"15":{"start":{"line":38,"column":4},"end":{"line":38,"column":33}},"16":{"start":{"line":39,"column":4},"end":{"line":39,"column":13}},"17":{"start":{"line":42,"column":28},"end":{"line":42,"column":102}},"18":{"start":{"line":44,"column":2},"end":{"line":46,"column":3}},"19":{"start":{"line":45,"column":4},"end":{"line":45,"column":20}},"20":{"start":{"line":48,"column":33},"end":{"line":52,"column":4}},"21":{"start":{"line":49,"column":4},"end":{"line":51,"column":7}},"22":{"start":{"line":54,"column":2},"end":{"line":54,"column":65}},"23":{"start":{"line":58,"column":2},"end":{"line":58,"column":39}},"24":{"start":{"line":63,"column":0},"end":{"line":63,"column":33}}},"fnMap":{"0":{"name":"(anonymous_0)","decl":{"start":{"line":4,"column":21},"end":{"line":4,"column":22}},"loc":{"start":{"line":8,"column":11},"end":{"line":59,"column":2}},"line":8},"1":{"name":"(anonymous_1)","decl":{"start":{"line":8,"column":25},"end":{"line":8,"column":26}},"loc":{"start":{"line":8,"column":50},"end":{"line":59,"column":1}},"line":8},"2":{"name":"(anonymous_2)","decl":{"start":{"line":20,"column":34},"end":{"line":20,"column":35}},"loc":{"start":{"line":20,"column":41},"end":{"line":31,"column":5}},"line":20},"3":{"name":"(anonymous_3)","decl":{"start":{"line":48,"column":55},"end":{"line":48,"column":56}},"loc":{"start":{"line":48,"column":66},"end":{"line":52,"column":3}},"line":48}},"branchMap":{"0":{"loc":{"start":{"line":4,"column":22},"end":{"line":8,"column":6}},"type":"default-arg","locations":[{"start":{"line":8,"column":4},"end":{"line":8,"column":6}}],"line":4},"1":{"loc":{"start":{"line":5,"column":4},"end":{"line":5,"column":23}},"type":"default-arg","locations":[{"start":{"line":5,"column":13},"end":{"line":5,"column":23}}],"line":5},"2":{"loc":{"start":{"line":6,"column":4},"end":{"line":6,"column":26}},"type":"default-arg","locations":[{"start":{"line":6,"column":13},"end":{"line":6,"column":26}}],"line":6},"3":{"loc":{"start":{"line":7,"column":4},"end":{"line":7,"column":27}},"type":"default-arg","locations":[{"start":{"line":7,"column":13},"end":{"line":7,"column":27}}],"line":7},"4":{"loc":{"start":{"line":8,"column":32},"end":{"line":8,"column":45}},"type":"default-arg","locations":[{"start":{"line":8,"column":43},"end":{"line":8,"column":45}}],"line":8},"5":{"loc":{"start":{"line":14,"column":2},"end":{"line":16,"column":3}},"type":"if","locations":[{"start":{"line":14,"column":2},"end":{"line":16,"column":3}},{"start":{"line":14,"column":2},"end":{"line":16,"column":3}}],"line":14},"6":{"loc":{"start":{"line":37,"column":2},"end":{"line":40,"column":3}},"type":"if","locations":[{"start":{"line":37,"column":2},"end":{"line":40,"column":3}},{"start":{"line":37,"column":2},"end":{"line":40,"column":3}}],"line":37},"7":{"loc":{"start":{"line":44,"column":2},"end":{"line":46,"column":3}},"type":"if","locations":[{"start":{"line":44,"column":2},"end":{"line":46,"column":3}},{"start":{"line":44,"column":2},"end":{"line":46,"column":3}}],"line":44}},"s":{"0":2,"1":2,"2":2,"3":2,"4":3,"5":3,"6":3,"7":2,"8":1,"9":1,"10":1,"11":1,"12":0,"13":0,"14":1,"15":0,"16":0,"17":1,"18":1,"19":0,"20":1,"21":1,"22":1,"23":1,"24":2},"f":{"0":3,"1":3,"2":1,"3":1},"b":{"0":[2],"1":[2],"2":[2],"3":[2],"4":[0],"5":[2,1],"6":[0,1],"7":[0,1]},"_coverageSchema":"43e27e138ebf9cfc5966b082cf9a028302ed4184","hash":"fced9a78b9da4c4c785df24d8bc93b059d25f2f9"}
,"/Users/kristen/Documents/workspace/rallio-chute/app/save-request.js": {"path":"/Users/kristen/Documents/workspace/rallio-chute/app/save-request.js","statementMap":{"0":{"start":{"line":1,"column":15},"end":{"line":1,"column":41}},"1":{"start":{"line":4,"column":18},"end":{"line":4,"column":32}},"2":{"start":{"line":5,"column":2},"end":{"line":5,"column":54}},"3":{"start":{"line":6,"column":18},"end":{"line":16,"column":4}},"4":{"start":{"line":17,"column":2},"end":{"line":17,"column":16}},"5":{"start":{"line":20,"column":0},"end":{"line":20,"column":33}}},"fnMap":{"0":{"name":"saveRequest","decl":{"start":{"line":3,"column":15},"end":{"line":3,"column":26}},"loc":{"start":{"line":3,"column":34},"end":{"line":18,"column":1}},"line":3}},"branchMap":{},"s":{"0":5,"1":5,"2":5,"3":5,"4":5,"5":5},"f":{"0":5},"b":{},"_coverageSchema":"43e27e138ebf9cfc5966b082cf9a028302ed4184","hash":"1af2d15f187ed86bd285a64b88171e964196ae47"}
,"/Users/kristen/Documents/workspace/rallio-chute/app/save-success.js": {"path":"/Users/kristen/Documents/workspace/rallio-chute/app/save-success.js","statementMap":{"0":{"start":{"line":1,"column":15},"end":{"line":1,"column":41}},"1":{"start":{"line":4,"column":16},"end":{"line":4,"column":30}},"2":{"start":{"line":5,"column":2},"end":{"line":5,"column":54}},"3":{"start":{"line":6,"column":18},"end":{"line":10,"column":52}},"4":{"start":{"line":10,"column":17},"end":{"line":10,"column":51}},"5":{"start":{"line":12,"column":2},"end":{"line":12,"column":16}},"6":{"start":{"line":15,"column":0},"end":{"line":15,"column":33}}},"fnMap":{"0":{"name":"saveSuccess","decl":{"start":{"line":3,"column":15},"end":{"line":3,"column":26}},"loc":{"start":{"line":3,"column":34},"end":{"line":13,"column":1}},"line":3},"1":{"name":"(anonymous_1)","decl":{"start":{"line":10,"column":8},"end":{"line":10,"column":9}},"loc":{"start":{"line":10,"column":17},"end":{"line":10,"column":51}},"line":10}},"branchMap":{"0":{"loc":{"start":{"line":10,"column":17},"end":{"line":10,"column":51}},"type":"binary-expr","locations":[{"start":{"line":10,"column":17},"end":{"line":10,"column":44}},{"start":{"line":10,"column":48},"end":{"line":10,"column":51}}],"line":10}},"s":{"0":5,"1":1,"2":1,"3":1,"4":1,"5":1,"6":5},"f":{"0":1,"1":1},"b":{"0":[1,1]},"_coverageSchema":"43e27e138ebf9cfc5966b082cf9a028302ed4184","hash":"9cbdd71ec607881e2390adedb760cb294b140473"}
,"/Users/kristen/Documents/workspace/rallio-chute/app/send-to-chute.js": {"path":"/Users/kristen/Documents/workspace/rallio-chute/app/send-to-chute.js","statementMap":{"0":{"start":{"line":1,"column":23},"end":{"line":1,"column":43}},"1":{"start":{"line":2,"column":22},"end":{"line":2,"column":47}},"2":{"start":{"line":3,"column":22},"end":{"line":3,"column":53}},"3":{"start":{"line":4,"column":22},"end":{"line":4,"column":55}},"4":{"start":{"line":5,"column":22},"end":{"line":5,"column":47}},"5":{"start":{"line":8,"column":19},"end":{"line":8,"column":49}},"6":{"start":{"line":11,"column":23},"end":{"line":11,"column":127}},"7":{"start":{"line":13,"column":0},"end":{"line":13,"column":47}},"8":{"start":{"line":15,"column":2},"end":{"line":18,"column":3}},"9":{"start":{"line":16,"column":4},"end":{"line":16,"column":103}},"10":{"start":{"line":17,"column":4},"end":{"line":17,"column":36}},"11":{"start":{"line":20,"column":22},"end":{"line":33,"column":3}},"12":{"start":{"line":35,"column":2},"end":{"line":112,"column":3}},"13":{"start":{"line":36,"column":4},"end":{"line":36,"column":58}},"14":{"start":{"line":38,"column":20},"end":{"line":51,"column":5}},"15":{"start":{"line":53,"column":24},"end":{"line":53,"column":64}},"16":{"start":{"line":54,"column":4},"end":{"line":54,"column":57}},"17":{"start":{"line":56,"column":4},"end":{"line":62,"column":5}},"18":{"start":{"line":58,"column":6},"end":{"line":61,"column":9}},"19":{"start":{"line":64,"column":31},"end":{"line":64,"column":86}},"20":{"start":{"line":66,"column":4},"end":{"line":71,"column":5}},"21":{"start":{"line":67,"column":6},"end":{"line":70,"column":9}},"22":{"start":{"line":73,"column":25},"end":{"line":73,"column":44}},"23":{"start":{"line":75,"column":4},"end":{"line":77,"column":5}},"24":{"start":{"line":76,"column":6},"end":{"line":76,"column":55}},"25":{"start":{"line":79,"column":4},"end":{"line":79,"column":23}},"26":{"start":{"line":82,"column":20},"end":{"line":82,"column":113}},"27":{"start":{"line":84,"column":4},"end":{"line":111,"column":5}},"28":{"start":{"line":85,"column":26},"end":{"line":85,"column":66}},"29":{"start":{"line":87,"column":6},"end":{"line":93,"column":7}},"30":{"start":{"line":89,"column":8},"end":{"line":92,"column":11}},"31":{"start":{"line":95,"column":33},"end":{"line":95,"column":88}},"32":{"start":{"line":96,"column":6},"end":{"line":101,"column":7}},"33":{"start":{"line":97,"column":8},"end":{"line":100,"column":11}},"34":{"start":{"line":103,"column":26},"end":{"line":103,"column":45}},"35":{"start":{"line":105,"column":6},"end":{"line":108,"column":7}},"36":{"start":{"line":107,"column":8},"end":{"line":107,"column":57}},"37":{"start":{"line":110,"column":6},"end":{"line":110,"column":25}},"38":{"start":{"line":115,"column":0},"end":{"line":115,"column":33}}},"fnMap":{"0":{"name":"sendToChute","decl":{"start":{"line":10,"column":15},"end":{"line":10,"column":26}},"loc":{"start":{"line":10,"column":102},"end":{"line":113,"column":1}},"line":10}},"branchMap":{"0":{"loc":{"start":{"line":10,"column":38},"end":{"line":10,"column":56}},"type":"default-arg","locations":[{"start":{"line":10,"column":45},"end":{"line":10,"column":56}}],"line":10},"1":{"loc":{"start":{"line":10,"column":58},"end":{"line":10,"column":79}},"type":"default-arg","locations":[{"start":{"line":10,"column":68},"end":{"line":10,"column":79}}],"line":10},"2":{"loc":{"start":{"line":10,"column":81},"end":{"line":10,"column":99}},"type":"default-arg","locations":[{"start":{"line":10,"column":88},"end":{"line":10,"column":99}}],"line":10},"3":{"loc":{"start":{"line":15,"column":2},"end":{"line":18,"column":3}},"type":"if","locations":[{"start":{"line":15,"column":2},"end":{"line":18,"column":3}},{"start":{"line":15,"column":2},"end":{"line":18,"column":3}}],"line":15},"4":{"loc":{"start":{"line":35,"column":2},"end":{"line":112,"column":3}},"type":"if","locations":[{"start":{"line":35,"column":2},"end":{"line":112,"column":3}},{"start":{"line":35,"column":2},"end":{"line":112,"column":3}}],"line":35},"5":{"loc":{"start":{"line":56,"column":4},"end":{"line":62,"column":5}},"type":"if","locations":[{"start":{"line":56,"column":4},"end":{"line":62,"column":5}},{"start":{"line":56,"column":4},"end":{"line":62,"column":5}}],"line":56},"6":{"loc":{"start":{"line":66,"column":4},"end":{"line":71,"column":5}},"type":"if","locations":[{"start":{"line":66,"column":4},"end":{"line":71,"column":5}},{"start":{"line":66,"column":4},"end":{"line":71,"column":5}}],"line":66},"7":{"loc":{"start":{"line":75,"column":4},"end":{"line":77,"column":5}},"type":"if","locations":[{"start":{"line":75,"column":4},"end":{"line":77,"column":5}},{"start":{"line":75,"column":4},"end":{"line":77,"column":5}}],"line":75},"8":{"loc":{"start":{"line":84,"column":4},"end":{"line":111,"column":5}},"type":"if","locations":[{"start":{"line":84,"column":4},"end":{"line":111,"column":5}},{"start":{"line":84,"column":4},"end":{"line":111,"column":5}}],"line":84},"9":{"loc":{"start":{"line":87,"column":6},"end":{"line":93,"column":7}},"type":"if","locations":[{"start":{"line":87,"column":6},"end":{"line":93,"column":7}},{"start":{"line":87,"column":6},"end":{"line":93,"column":7}}],"line":87},"10":{"loc":{"start":{"line":96,"column":6},"end":{"line":101,"column":7}},"type":"if","locations":[{"start":{"line":96,"column":6},"end":{"line":101,"column":7}},{"start":{"line":96,"column":6},"end":{"line":101,"column":7}}],"line":96},"11":{"loc":{"start":{"line":105,"column":6},"end":{"line":108,"column":7}},"type":"if","locations":[{"start":{"line":105,"column":6},"end":{"line":108,"column":7}},{"start":{"line":105,"column":6},"end":{"line":108,"column":7}}],"line":105}},"s":{"0":4,"1":4,"2":4,"3":4,"4":4,"5":4,"6":9,"7":9,"8":9,"9":1,"10":1,"11":8,"12":8,"13":4,"14":4,"15":4,"16":4,"17":4,"18":1,"19":3,"20":3,"21":1,"22":2,"23":2,"24":1,"25":1,"26":4,"27":4,"28":4,"29":4,"30":1,"31":3,"32":3,"33":1,"34":2,"35":2,"36":1,"37":1,"38":4},"f":{"0":9},"b":{"0":[0],"1":[2],"2":[4],"3":[1,8],"4":[4,4],"5":[1,3],"6":[1,2],"7":[1,1],"8":[4,0],"9":[1,3],"10":[1,2],"11":[1,1]},"_coverageSchema":"43e27e138ebf9cfc5966b082cf9a028302ed4184","hash":"9db2379f5c95eace093d6c025eba120b9ac066df"}
,"/Users/kristen/Documents/workspace/rallio-chute/config/db.js": {"path":"/Users/kristen/Documents/workspace/rallio-chute/config/db.js","statementMap":{"0":{"start":{"line":1,"column":0},"end":{"line":1,"column":26}},"1":{"start":{"line":2,"column":16},"end":{"line":2,"column":26}},"2":{"start":{"line":4,"column":0},"end":{"line":40,"column":2}}},"fnMap":{},"branchMap":{},"s":{"0":9,"1":9,"2":9},"f":{},"b":{},"_coverageSchema":"43e27e138ebf9cfc5966b082cf9a028302ed4184","hash":"eed4c3e812b09b69ab8143b59abefd83d532ff67"}
,"/Users/kristen/Documents/workspace/rallio-chute/models/index.js": {"path":"/Users/kristen/Documents/workspace/rallio-chute/models/index.js","statementMap":{"0":{"start":{"line":3,"column":11},"end":{"line":3,"column":24}},"1":{"start":{"line":4,"column":13},"end":{"line":4,"column":28}},"2":{"start":{"line":5,"column":18},"end":{"line":5,"column":38}},"3":{"start":{"line":6,"column":17},"end":{"line":6,"column":42}},"4":{"start":{"line":7,"column":12},"end":{"line":7,"column":49}},"5":{"start":{"line":8,"column":15},"end":{"line":8,"column":41}},"6":{"start":{"line":9,"column":66},"end":{"line":9,"column":77}},"7":{"start":{"line":10,"column":11},"end":{"line":10,"column":13}},"8":{"start":{"line":13,"column":0},"end":{"line":19,"column":1}},"9":{"start":{"line":14,"column":2},"end":{"line":14,"column":46}},"10":{"start":{"line":16,"column":2},"end":{"line":18,"column":5}},"11":{"start":{"line":21,"column":0},"end":{"line":29,"column":5}},"12":{"start":{"line":24,"column":4},"end":{"line":24,"column":90}},"13":{"start":{"line":27,"column":18},"end":{"line":27,"column":65}},"14":{"start":{"line":28,"column":4},"end":{"line":28,"column":27}},"15":{"start":{"line":31,"column":0},"end":{"line":35,"column":3}},"16":{"start":{"line":32,"column":2},"end":{"line":34,"column":3}},"17":{"start":{"line":33,"column":4},"end":{"line":33,"column":32}},"18":{"start":{"line":37,"column":0},"end":{"line":37,"column":25}},"19":{"start":{"line":38,"column":0},"end":{"line":38,"column":25}},"20":{"start":{"line":40,"column":0},"end":{"line":40,"column":20}}},"fnMap":{"0":{"name":"(anonymous_0)","decl":{"start":{"line":23,"column":10},"end":{"line":23,"column":11}},"loc":{"start":{"line":23,"column":18},"end":{"line":25,"column":3}},"line":23},"1":{"name":"(anonymous_1)","decl":{"start":{"line":26,"column":11},"end":{"line":26,"column":12}},"loc":{"start":{"line":26,"column":19},"end":{"line":29,"column":3}},"line":26},"2":{"name":"(anonymous_2)","decl":{"start":{"line":31,"column":24},"end":{"line":31,"column":25}},"loc":{"start":{"line":31,"column":37},"end":{"line":35,"column":1}},"line":31}},"branchMap":{"0":{"loc":{"start":{"line":7,"column":12},"end":{"line":7,"column":49}},"type":"binary-expr","locations":[{"start":{"line":7,"column":12},"end":{"line":7,"column":32}},{"start":{"line":7,"column":36},"end":{"line":7,"column":49}}],"line":7},"1":{"loc":{"start":{"line":13,"column":0},"end":{"line":19,"column":1}},"type":"if","locations":[{"start":{"line":13,"column":0},"end":{"line":19,"column":1}},{"start":{"line":13,"column":0},"end":{"line":19,"column":1}}],"line":13},"2":{"loc":{"start":{"line":24,"column":11},"end":{"line":24,"column":89}},"type":"binary-expr","locations":[{"start":{"line":24,"column":12},"end":{"line":24,"column":35}},{"start":{"line":24,"column":41},"end":{"line":24,"column":58}},{"start":{"line":24,"column":64},"end":{"line":24,"column":88}}],"line":24},"3":{"loc":{"start":{"line":32,"column":2},"end":{"line":34,"column":3}},"type":"if","locations":[{"start":{"line":32,"column":2},"end":{"line":34,"column":3}},{"start":{"line":32,"column":2},"end":{"line":34,"column":3}}],"line":32}},"s":{"0":9,"1":9,"2":9,"3":9,"4":9,"5":9,"6":9,"7":9,"8":9,"9":0,"10":9,"11":9,"12":36,"13":27,"14":27,"15":9,"16":27,"17":27,"18":9,"19":9,"20":9},"f":{"0":36,"1":27,"2":27},"b":{"0":[9,0],"1":[0,9],"2":[36,36,27],"3":[27,0]},"_coverageSchema":"43e27e138ebf9cfc5966b082cf9a028302ed4184","hash":"fb3cdab610d4af69efceaf954371537f7938cf05"}
,"/Users/kristen/Documents/workspace/rallio-chute/models/locationmap.js": {"path":"/Users/kristen/Documents/workspace/rallio-chute/models/locationmap.js","statementMap":{"0":{"start":{"line":2,"column":0},"end":{"line":11,"column":2}},"1":{"start":{"line":3,"column":22},"end":{"line":6,"column":8}},"2":{"start":{"line":7,"column":2},"end":{"line":9,"column":4}},"3":{"start":{"line":10,"column":2},"end":{"line":10,"column":21}}},"fnMap":{"0":{"name":"(anonymous_0)","decl":{"start":{"line":2,"column":17},"end":{"line":2,"column":18}},"loc":{"start":{"line":2,"column":43},"end":{"line":11,"column":1}},"line":2},"1":{"name":"(anonymous_1)","decl":{"start":{"line":7,"column":26},"end":{"line":7,"column":27}},"loc":{"start":{"line":7,"column":37},"end":{"line":9,"column":3}},"line":7}},"branchMap":{},"s":{"0":9,"1":9,"2":9,"3":9},"f":{"0":9,"1":9},"b":{},"_coverageSchema":"43e27e138ebf9cfc5966b082cf9a028302ed4184","hash":"e9f304725b8a478da3fed78508e16c27507386ea"}
,"/Users/kristen/Documents/workspace/rallio-chute/models/request.js": {"path":"/Users/kristen/Documents/workspace/rallio-chute/models/request.js","statementMap":{"0":{"start":{"line":2,"column":0},"end":{"line":19,"column":2}},"1":{"start":{"line":3,"column":18},"end":{"line":14,"column":8}},"2":{"start":{"line":15,"column":2},"end":{"line":17,"column":4}},"3":{"start":{"line":18,"column":2},"end":{"line":18,"column":17}}},"fnMap":{"0":{"name":"(anonymous_0)","decl":{"start":{"line":2,"column":17},"end":{"line":2,"column":18}},"loc":{"start":{"line":2,"column":43},"end":{"line":19,"column":1}},"line":2},"1":{"name":"(anonymous_1)","decl":{"start":{"line":15,"column":22},"end":{"line":15,"column":23}},"loc":{"start":{"line":15,"column":33},"end":{"line":17,"column":3}},"line":15}},"branchMap":{},"s":{"0":9,"1":9,"2":9,"3":9},"f":{"0":9,"1":9},"b":{},"_coverageSchema":"43e27e138ebf9cfc5966b082cf9a028302ed4184","hash":"e6d540c914c62b6cb30eed19ea4097c11862c00c"}
,"/Users/kristen/Documents/workspace/rallio-chute/models/tagmap.js": {"path":"/Users/kristen/Documents/workspace/rallio-chute/models/tagmap.js","statementMap":{"0":{"start":{"line":2,"column":0},"end":{"line":11,"column":2}},"1":{"start":{"line":3,"column":17},"end":{"line":6,"column":8}},"2":{"start":{"line":7,"column":2},"end":{"line":9,"column":4}},"3":{"start":{"line":10,"column":2},"end":{"line":10,"column":16}}},"fnMap":{"0":{"name":"(anonymous_0)","decl":{"start":{"line":2,"column":17},"end":{"line":2,"column":18}},"loc":{"start":{"line":2,"column":43},"end":{"line":11,"column":1}},"line":2},"1":{"name":"(anonymous_1)","decl":{"start":{"line":7,"column":21},"end":{"line":7,"column":22}},"loc":{"start":{"line":7,"column":32},"end":{"line":9,"column":3}},"line":7}},"branchMap":{},"s":{"0":9,"1":9,"2":9,"3":9},"f":{"0":9,"1":9},"b":{},"_coverageSchema":"43e27e138ebf9cfc5966b082cf9a028302ed4184","hash":"d684f4125d0331e73c5d65cea0d778bc65123f6d"}
}
