TN:
SF:/Users/kristen/Documents/workspace/rallio-chute/app/check-existing.js
FN:2,checkDB
FNF:1
FNH:1
FNDA:683,checkDB
DA:1,3
DA:3,683
DA:4,683
DA:10,683
DA:13,3
LF:5
LH:5
BRF:0
BRH:0
end_of_record
TN:
SF:/Users/kristen/Documents/workspace/rallio-chute/app/get-false-request.js
FN:2,getFalse
FN:33,getTrue
FN:48,getAll
FNF:3
FNH:3
FNDA:6,getFalse
FNDA:1,getTrue
FNDA:1,getAll
DA:1,4
DA:3,6
DA:4,6
DA:5,6
DA:6,3
DA:15,3
DA:17,3
DA:26,3
DA:34,1
DA:35,1
DA:37,1
DA:45,1
DA:49,1
DA:51,1
DA:58,1
DA:61,4
LF:16
LH:16
BRDA:5,0,0,3
BRDA:5,0,1,3
BRF:2
BRH:2
end_of_record
TN:
SF:/Users/kristen/Documents/workspace/rallio-chute/app/handle-messages.js
FN:3,(anonymous_0)
FN:4,(anonymous_1)
FN:10,(anonymous_2)
FN:47,(anonymous_3)
FN:51,(anonymous_4)
FN:57,checkRetry
FNF:6
FNH:5
FNDA:681,(anonymous_0)
FNDA:681,(anonymous_1)
FNDA:2043,(anonymous_2)
FNDA:679,(anonymous_3)
FNDA:0,(anonymous_4)
FNDA:681,checkRetry
DA:1,2
DA:2,2
DA:3,2
DA:4,681
DA:5,681
DA:6,681
DA:7,681
DA:8,681
DA:9,681
DA:10,681
DA:11,2043
DA:12,2043
DA:27,2043
DA:30,681
DA:45,681
DA:46,681
DA:47,679
DA:51,681
DA:52,0
DA:58,681
DA:59,0
DA:61,681
DA:65,2
LF:23
LH:21
BRDA:3,0,0,681
BRDA:3,1,0,681
BRDA:6,2,0,0
BRDA:58,3,0,0
BRDA:58,3,1,681
BRF:5
BRH:3
end_of_record
TN:
SF:/Users/kristen/Documents/workspace/rallio-chute/app/index.js
FN:6,(anonymous_0)
FNF:1
FNH:1
FNDA:2,(anonymous_0)
DA:2,1
DA:4,1
DA:5,1
DA:6,1
DA:7,2
DA:8,2
DA:9,681
DA:12,0
DA:14,0
DA:21,1
LF:10
LH:8
BRDA:6,0,0,2
BRF:1
BRH:1
end_of_record
TN:
SF:/Users/kristen/Documents/workspace/rallio-chute/app/long-poller.js
FN:15,(anonymous_0)
FN:42,(anonymous_1)
FN:44,(anonymous_2)
FNF:3
FNH:3
FNDA:683,(anonymous_0)
FNDA:683,(anonymous_1)
FNDA:681,(anonymous_2)
DA:1,2
DA:3,2
DA:13,2
DA:15,2
DA:21,683
DA:30,683
DA:31,0
DA:33,683
DA:34,0
DA:36,683
DA:37,683
DA:40,683
DA:42,683
DA:43,683
DA:44,683
DA:45,681
DA:46,0
DA:49,681
DA:53,2
LF:19
LH:16
BRDA:6,0,0,2
BRDA:12,1,0,0
BRDA:15,2,0,683
BRDA:16,3,0,683
BRDA:17,4,0,683
BRDA:18,5,0,683
BRDA:19,6,0,683
BRDA:30,7,0,0
BRDA:30,7,1,683
BRDA:33,8,0,0
BRDA:33,8,1,683
BRDA:36,9,0,683
BRDA:36,9,1,0
BRDA:45,10,0,0
BRDA:45,10,1,681
BRF:15
BRH:10
end_of_record
TN:
SF:/Users/kristen/Documents/workspace/rallio-chute/app/mapping.js
FN:3,chuteMapping
FN:14,(anonymous_1)
FNF:2
FNH:1
FNDA:2048,chuteMapping
FNDA:0,(anonymous_1)
DA:1,4
DA:4,2048
DA:5,2048
DA:6,2048
DA:7,2048
DA:8,2048
DA:9,2048
DA:15,0
DA:16,0
DA:20,2041
DA:23,4
LF:11
LH:9
BRF:0
BRH:0
end_of_record
TN:
SF:/Users/kristen/Documents/workspace/rallio-chute/app/poll-messages.js
FN:4,(anonymous_0)
FN:8,(anonymous_1)
FN:20,(anonymous_2)
FN:48,(anonymous_3)
FNF:4
FNH:4
FNDA:684,(anonymous_0)
FNDA:682,(anonymous_1)
FNDA:682,(anonymous_2)
FNDA:1,(anonymous_3)
DA:1,2
DA:2,2
DA:3,2
DA:4,2
DA:8,684
DA:12,682
DA:14,682
DA:15,0
DA:19,682
DA:20,682
DA:24,682
DA:26,682
DA:34,0
DA:35,0
DA:37,682
DA:38,0
DA:39,0
DA:42,682
DA:44,682
DA:45,681
DA:48,1
DA:49,1
DA:54,1
DA:57,1
DA:58,1
DA:63,2
LF:26
LH:21
BRDA:4,0,0,683
BRDA:5,1,0,683
BRDA:6,2,0,683
BRDA:7,3,0,683
BRDA:8,4,0,0
BRDA:14,5,0,0
BRDA:14,5,1,682
BRDA:37,6,0,0
BRDA:37,6,1,682
BRDA:44,7,0,681
BRDA:44,7,1,1
BRF:11
BRH:8
end_of_record
TN:
SF:/Users/kristen/Documents/workspace/rallio-chute/app/save-request.js
FN:3,saveRequest
FN:18,(anonymous_1)
FNF:2
FNH:1
FNDA:3,saveRequest
FNDA:0,(anonymous_1)
DA:1,4
DA:4,3
DA:5,3
DA:6,3
DA:7,3
DA:18,3
DA:19,0
DA:21,3
DA:22,3
DA:25,4
LF:10
LH:9
BRF:0
BRH:0
end_of_record
TN:
SF:/Users/kristen/Documents/workspace/rallio-chute/app/save-success.js
FN:3,saveSuccess
FN:10,(anonymous_1)
FNF:2
FNH:2
FNDA:3,saveSuccess
FNDA:3,(anonymous_1)
DA:1,4
DA:4,3
DA:5,3
DA:6,3
DA:10,3
DA:12,3
DA:15,4
LF:7
LH:7
BRDA:10,0,0,3
BRDA:10,0,1,3
BRF:2
BRH:2
end_of_record
TN:
SF:/Users/kristen/Documents/workspace/rallio-chute/app/send-to-chute.js
FN:9,sendToChute
FNF:1
FNH:1
FNDA:2728,sendToChute
DA:1,3
DA:2,3
DA:3,3
DA:4,3
DA:7,3
DA:10,2728
DA:11,2728
DA:12,2041
DA:13,2041
DA:14,2041
DA:15,2041
DA:17,2037
DA:18,2037
DA:21,4
DA:33,4
DA:34,4
DA:35,2
DA:36,2
DA:37,2
DA:50,2
DA:51,2
DA:52,2
DA:54,0
DA:59,2
DA:61,2
DA:62,0
DA:64,2
DA:65,2
DA:68,2
DA:70,2
DA:71,2
DA:73,2
DA:75,2
DA:81,0
DA:83,0
DA:84,0
DA:87,0
DA:92,3
LF:38
LH:32
BRDA:9,0,0,2724
BRDA:15,1,0,2037
BRDA:15,1,1,4
BRDA:34,2,0,2
BRDA:34,2,1,2
BRDA:52,3,0,0
BRDA:52,3,1,2
BRDA:61,4,0,0
BRDA:61,4,1,2
BRDA:70,5,0,2
BRDA:70,5,1,0
BRDA:73,6,0,2
BRDA:73,6,1,0
BRDA:83,7,0,0
BRDA:83,7,1,0
BRF:15
BRH:9
end_of_record
TN:
SF:/Users/kristen/Documents/workspace/rallio-chute/config/db.js
FNF:0
FNH:0
DA:1,8
DA:2,8
DA:4,8
LF:3
LH:3
BRF:0
BRH:0
end_of_record
TN:
SF:/Users/kristen/Documents/workspace/rallio-chute/models/index.js
FN:23,(anonymous_0)
FN:26,(anonymous_1)
FN:31,(anonymous_2)
FNF:3
FNH:3
FNDA:32,(anonymous_0)
FNDA:24,(anonymous_1)
FNDA:24,(anonymous_2)
DA:3,8
DA:4,8
DA:5,8
DA:6,8
DA:7,8
DA:8,8
DA:9,8
DA:10,8
DA:13,8
DA:14,0
DA:16,8
DA:21,8
DA:24,32
DA:27,24
DA:28,24
DA:31,8
DA:32,24
DA:33,24
DA:37,8
DA:38,8
DA:40,8
LF:21
LH:20
BRDA:7,0,0,8
BRDA:7,0,1,0
BRDA:13,1,0,0
BRDA:13,1,1,8
BRDA:24,2,0,32
BRDA:24,2,1,32
BRDA:24,2,2,24
BRDA:32,3,0,24
BRDA:32,3,1,0
BRF:9
BRH:6
end_of_record
TN:
SF:/Users/kristen/Documents/workspace/rallio-chute/models/locationmap.js
FN:2,(anonymous_0)
FN:7,(anonymous_1)
FNF:2
FNH:2
FNDA:8,(anonymous_0)
FNDA:8,(anonymous_1)
DA:2,8
DA:3,8
DA:7,8
DA:10,8
LF:4
LH:4
BRF:0
BRH:0
end_of_record
TN:
SF:/Users/kristen/Documents/workspace/rallio-chute/models/request.js
FN:2,(anonymous_0)
FN:15,(anonymous_1)
FNF:2
FNH:2
FNDA:8,(anonymous_0)
FNDA:8,(anonymous_1)
DA:2,8
DA:3,8
DA:15,8
DA:18,8
LF:4
LH:4
BRF:0
BRH:0
end_of_record
TN:
SF:/Users/kristen/Documents/workspace/rallio-chute/models/tagmap.js
FN:2,(anonymous_0)
FN:7,(anonymous_1)
FNF:2
FNH:2
FNDA:8,(anonymous_0)
FNDA:8,(anonymous_1)
DA:2,8
DA:3,8
DA:7,8
DA:10,8
LF:4
LH:4
BRF:0
BRH:0
end_of_record
TN:
SF:/Users/kristen/Documents/workspace/rallio-chute/util/remove-from-sqs.js
FN:30,(anonymous_0)
FN:34,(anonymous_1)
FN:39,(anonymous_2)
FNF:3
FNH:0
FNDA:0,(anonymous_0)
FNDA:0,(anonymous_1)
FNDA:0,(anonymous_2)
DA:1,2
DA:2,2
DA:10,2
DA:12,2
DA:13,0
DA:17,2
DA:18,0
DA:22,2
DA:23,2
DA:28,2
DA:30,2
DA:34,0
DA:35,0
DA:36,0
DA:39,0
DA:40,0
DA:41,0
DA:43,0
DA:46,0
DA:47,0
DA:49,0
DA:54,2
LF:22
LH:10
BRDA:5,0,0,2
BRDA:12,1,0,0
BRDA:12,1,1,2
BRDA:17,2,0,0
BRDA:17,2,1,2
BRDA:22,3,0,2
BRDA:22,3,1,0
BRDA:30,4,0,0
BRDA:31,5,0,0
BRDA:32,6,0,0
BRDA:35,7,0,0
BRDA:35,7,1,0
BRDA:40,8,0,0
BRDA:40,8,1,0
BRF:14
BRH:4
end_of_record
TN:
SF:/Users/kristen/Documents/workspace/rallio-chute/util/send-message.js
FN:8,sendMessage
FN:9,(anonymous_1)
FN:24,(anonymous_2)
FNF:3
FNH:0
FNDA:0,sendMessage
FNDA:0,(anonymous_1)
FNDA:0,(anonymous_2)
DA:1,3
DA:2,3
DA:6,3
DA:9,0
DA:10,0
DA:12,0
DA:24,0
DA:25,0
DA:27,0
DA:29,0
DA:30,0
DA:33,0
DA:34,0
DA:36,0
DA:41,3
LF:15
LH:4
BRDA:18,0,0,0
BRDA:18,0,1,0
BRDA:25,1,0,0
BRDA:25,1,1,0
BRDA:27,2,0,0
BRDA:27,2,1,0
BRF:6
BRH:0
end_of_record
