TN:
SF:/Users/kristen/Documents/workspace/rallio-chute/app/check-existing.js
FN:2,checkDB
FNF:1
FNH:1
FNDA:2,checkDB
DA:1,3
DA:3,2
DA:4,2
DA:10,2
DA:13,3
LF:5
LH:5
BRF:0
BRH:0
end_of_record
TN:
SF:/Users/kristen/Documents/workspace/rallio-chute/app/get-false-request.js
FN:2,getFalse
FN:33,getTrue
FN:48,getAll
FNF:3
FNH:3
FNDA:4,getFalse
FNDA:1,getTrue
FNDA:1,getAll
DA:1,3
DA:3,4
DA:4,4
DA:5,4
DA:6,2
DA:15,2
DA:17,2
DA:26,2
DA:34,1
DA:35,1
DA:37,1
DA:45,1
DA:49,1
DA:51,1
DA:58,1
DA:61,3
LF:16
LH:16
BRDA:5,0,0,2
BRDA:5,0,1,2
BRF:2
BRH:2
end_of_record
TN:
SF:/Users/kristen/Documents/workspace/rallio-chute/app/handle-messages.js
FN:3,(anonymous_0)
FN:4,(anonymous_1)
FN:10,(anonymous_2)
FN:46,(anonymous_3)
FN:50,(anonymous_4)
FN:56,checkRetry
FNF:6
FNH:0
FNDA:0,(anonymous_0)
FNDA:0,(anonymous_1)
FNDA:0,(anonymous_2)
FNDA:0,(anonymous_3)
FNDA:0,(anonymous_4)
FNDA:0,checkRetry
DA:1,2
DA:2,2
DA:3,2
DA:4,0
DA:6,0
DA:7,0
DA:8,0
DA:10,0
DA:11,0
DA:26,0
DA:29,0
DA:44,0
DA:45,0
DA:46,0
DA:50,0
DA:51,0
DA:57,0
DA:58,0
DA:60,0
DA:64,2
LF:20
LH:4
BRDA:3,0,0,0
BRDA:3,1,0,0
BRDA:6,2,0,0
BRDA:57,3,0,0
BRDA:57,3,1,0
BRF:5
BRH:0
end_of_record
TN:
SF:/Users/kristen/Documents/workspace/rallio-chute/app/index.js
FN:6,(anonymous_0)
FNF:1
FNH:1
FNDA:2,(anonymous_0)
DA:2,1
DA:4,1
DA:5,1
DA:6,1
DA:7,2
DA:8,0
DA:11,2
DA:13,2
DA:20,1
LF:9
LH:8
BRDA:6,0,0,2
BRF:1
BRH:1
end_of_record
TN:
SF:/Users/kristen/Documents/workspace/rallio-chute/app/long-poller.js
FN:15,(anonymous_0)
FN:42,(anonymous_1)
FN:44,(anonymous_2)
FNF:3
FNH:3
FNDA:2,(anonymous_0)
FNDA:2,(anonymous_1)
FNDA:2,(anonymous_2)
DA:1,2
DA:3,2
DA:13,2
DA:15,2
DA:21,2
DA:30,2
DA:31,0
DA:33,2
DA:34,0
DA:36,2
DA:37,2
DA:40,2
DA:42,2
DA:43,2
DA:44,2
DA:45,2
DA:46,0
DA:49,2
DA:53,2
LF:19
LH:16
BRDA:6,0,0,2
BRDA:12,1,0,0
BRDA:15,2,0,2
BRDA:16,3,0,2
BRDA:17,4,0,2
BRDA:18,5,0,2
BRDA:19,6,0,2
BRDA:30,7,0,0
BRDA:30,7,1,2
BRDA:33,8,0,0
BRDA:33,8,1,2
BRDA:36,9,0,2
BRDA:36,9,1,0
BRDA:45,10,0,0
BRDA:45,10,1,2
BRF:15
BRH:10
end_of_record
TN:
SF:/Users/kristen/Documents/workspace/rallio-chute/app/mapping.js
FN:3,chuteMapping
FNF:1
FNH:1
FNDA:1,chuteMapping
DA:1,3
DA:4,1
DA:5,1
DA:7,1
DA:13,1
DA:16,3
LF:6
LH:6
BRF:0
BRH:0
end_of_record
TN:
SF:/Users/kristen/Documents/workspace/rallio-chute/app/poll-messages.js
FN:4,(anonymous_0)
FN:8,(anonymous_1)
FN:20,(anonymous_2)
FN:48,(anonymous_3)
FNF:4
FNH:4
FNDA:3,(anonymous_0)
FNDA:3,(anonymous_1)
FNDA:1,(anonymous_2)
FNDA:1,(anonymous_3)
DA:1,2
DA:2,2
DA:3,2
DA:4,2
DA:8,3
DA:12,3
DA:14,3
DA:15,2
DA:19,1
DA:20,1
DA:24,1
DA:25,1
DA:26,1
DA:33,0
DA:34,0
DA:35,0
DA:37,1
DA:38,0
DA:39,0
DA:42,1
DA:44,1
DA:45,0
DA:48,1
DA:49,1
DA:54,1
DA:58,1
DA:63,2
LF:27
LH:21
BRDA:4,0,0,2
BRDA:5,1,0,2
BRDA:6,2,0,2
BRDA:7,3,0,2
BRDA:8,4,0,0
BRDA:14,5,0,2
BRDA:14,5,1,1
BRDA:37,6,0,0
BRDA:37,6,1,1
BRDA:44,7,0,0
BRDA:44,7,1,1
BRF:11
BRH:8
end_of_record
TN:
SF:/Users/kristen/Documents/workspace/rallio-chute/app/remove-from-sqs.js
FN:30,(anonymous_0)
FN:34,(anonymous_1)
FN:39,(anonymous_2)
FNF:3
FNH:0
FNDA:0,(anonymous_0)
FNDA:0,(anonymous_1)
FNDA:0,(anonymous_2)
DA:1,2
DA:2,2
DA:10,2
DA:12,2
DA:13,0
DA:17,2
DA:18,0
DA:22,2
DA:23,2
DA:28,2
DA:30,2
DA:34,0
DA:35,0
DA:36,0
DA:39,0
DA:40,0
DA:41,0
DA:43,0
DA:46,0
DA:47,0
DA:49,0
DA:54,2
LF:22
LH:10
BRDA:5,0,0,2
BRDA:12,1,0,0
BRDA:12,1,1,2
BRDA:17,2,0,0
BRDA:17,2,1,2
BRDA:22,3,0,2
BRDA:22,3,1,0
BRDA:30,4,0,0
BRDA:31,5,0,0
BRDA:32,6,0,0
BRDA:35,7,0,0
BRDA:35,7,1,0
BRDA:40,8,0,0
BRDA:40,8,1,0
BRF:14
BRH:4
end_of_record
TN:
SF:/Users/kristen/Documents/workspace/rallio-chute/app/save-request.js
FN:3,saveRequest
FN:18,(anonymous_1)
FNF:2
FNH:1
FNDA:1,saveRequest
FNDA:0,(anonymous_1)
DA:1,3
DA:4,1
DA:5,1
DA:7,1
DA:18,1
DA:19,0
DA:22,1
DA:23,1
DA:26,3
LF:9
LH:8
BRF:0
BRH:0
end_of_record
TN:
SF:/Users/kristen/Documents/workspace/rallio-chute/app/save-success.js
FN:3,saveSuccess
FN:10,(anonymous_1)
FNF:2
FNH:0
FNDA:0,saveSuccess
FNDA:0,(anonymous_1)
DA:1,2
DA:4,0
DA:5,0
DA:6,0
DA:10,0
DA:12,0
DA:15,2
LF:7
LH:2
BRDA:10,0,0,0
BRDA:10,0,1,0
BRF:2
BRH:0
end_of_record
TN:
SF:/Users/kristen/Documents/workspace/rallio-chute/app/send-message.js
FN:8,sendMessage
FN:9,(anonymous_1)
FN:24,(anonymous_2)
FNF:3
FNH:0
FNDA:0,sendMessage
FNDA:0,(anonymous_1)
FNDA:0,(anonymous_2)
DA:1,2
DA:2,2
DA:6,2
DA:9,0
DA:10,0
DA:12,0
DA:24,0
DA:25,0
DA:27,0
DA:29,0
DA:30,0
DA:33,0
DA:34,0
DA:36,0
DA:41,2
LF:15
LH:4
BRDA:18,0,0,0
BRDA:18,0,1,0
BRDA:25,1,0,0
BRDA:25,1,1,0
BRDA:27,2,0,0
BRDA:27,2,1,0
BRF:6
BRH:0
end_of_record
TN:
SF:/Users/kristen/Documents/workspace/rallio-chute/app/send-to-chute.js
FN:9,sendToChute
FNF:1
FNH:0
FNDA:0,sendToChute
DA:1,2
DA:2,2
DA:3,2
DA:4,2
DA:7,2
DA:10,0
DA:11,0
DA:12,0
DA:14,0
DA:15,0
DA:16,0
DA:19,0
DA:32,0
DA:33,0
DA:35,0
DA:48,0
DA:50,0
DA:51,0
DA:56,0
DA:58,0
DA:59,0
DA:62,0
DA:64,0
DA:66,0
DA:67,0
DA:69,0
DA:70,0
DA:76,0
DA:78,0
DA:79,0
DA:82,0
DA:87,2
LF:32
LH:6
BRDA:14,0,0,0
BRDA:14,0,1,0
BRDA:32,1,0,0
BRDA:32,1,1,0
BRDA:50,2,0,0
BRDA:50,2,1,0
BRDA:58,3,0,0
BRDA:58,3,1,0
BRDA:66,4,0,0
BRDA:66,4,1,0
BRDA:69,5,0,0
BRDA:69,5,1,0
BRDA:78,6,0,0
BRDA:78,6,1,0
BRF:14
BRH:0
end_of_record
TN:
SF:/Users/kristen/Documents/workspace/rallio-chute/config/db.js
FNF:0
FNH:0
DA:1,6
DA:2,6
DA:4,6
LF:3
LH:3
BRF:0
BRH:0
end_of_record
TN:
SF:/Users/kristen/Documents/workspace/rallio-chute/models/index.js
FN:23,(anonymous_0)
FN:26,(anonymous_1)
FN:31,(anonymous_2)
FNF:3
FNH:3
FNDA:24,(anonymous_0)
FNDA:18,(anonymous_1)
FNDA:18,(anonymous_2)
DA:3,6
DA:4,6
DA:5,6
DA:6,6
DA:7,6
DA:8,6
DA:9,6
DA:10,6
DA:13,6
DA:14,0
DA:16,6
DA:21,6
DA:24,24
DA:27,18
DA:28,18
DA:31,6
DA:32,18
DA:33,18
DA:37,6
DA:38,6
DA:40,6
LF:21
LH:20
BRDA:7,0,0,6
BRDA:7,0,1,0
BRDA:13,1,0,0
BRDA:13,1,1,6
BRDA:24,2,0,24
BRDA:24,2,1,24
BRDA:24,2,2,18
BRDA:32,3,0,18
BRDA:32,3,1,0
BRF:9
BRH:6
end_of_record
TN:
SF:/Users/kristen/Documents/workspace/rallio-chute/models/locationmap.js
FN:2,(anonymous_0)
FN:7,(anonymous_1)
FNF:2
FNH:2
FNDA:6,(anonymous_0)
FNDA:6,(anonymous_1)
DA:2,6
DA:3,6
DA:7,6
DA:10,6
LF:4
LH:4
BRF:0
BRH:0
end_of_record
TN:
SF:/Users/kristen/Documents/workspace/rallio-chute/models/request.js
FN:2,(anonymous_0)
FN:15,(anonymous_1)
FNF:2
FNH:2
FNDA:6,(anonymous_0)
FNDA:6,(anonymous_1)
DA:2,6
DA:3,6
DA:15,6
DA:18,6
LF:4
LH:4
BRF:0
BRH:0
end_of_record
TN:
SF:/Users/kristen/Documents/workspace/rallio-chute/models/tagmap.js
FN:2,(anonymous_0)
FN:7,(anonymous_1)
FNF:2
FNH:2
FNDA:6,(anonymous_0)
FNDA:6,(anonymous_1)
DA:2,6
DA:3,6
DA:7,6
DA:10,6
LF:4
LH:4
BRF:0
BRH:0
end_of_record
